ARM GAS  C:\Users\ldu08\AppData\Local\Temp\cc4Xq2Yj.s 			page 1


   1              		.cpu cortex-m4
   2              		.arch armv7e-m
   3              		.fpu fpv4-sp-d16
   4              		.eabi_attribute 27, 1
   5              		.eabi_attribute 28, 1
   6              		.eabi_attribute 20, 1
   7              		.eabi_attribute 21, 1
   8              		.eabi_attribute 23, 3
   9              		.eabi_attribute 24, 1
  10              		.eabi_attribute 25, 1
  11              		.eabi_attribute 26, 1
  12              		.eabi_attribute 30, 1
  13              		.eabi_attribute 34, 1
  14              		.eabi_attribute 18, 4
  15              		.file	"stm32l4xx_hal_msp.c"
  16              		.text
  17              	.Ltext0:
  18              		.cfi_sections	.debug_frame
  19              		.section	.text.HAL_MspInit,"ax",%progbits
  20              		.align	1
  21              		.global	HAL_MspInit
  22              		.syntax unified
  23              		.thumb
  24              		.thumb_func
  26              	HAL_MspInit:
  27              	.LFB321:
  28              		.file 1 "Core/Src/stm32l4xx_hal_msp.c"
   1:Core/Src/stm32l4xx_hal_msp.c **** /* USER CODE BEGIN Header */
   2:Core/Src/stm32l4xx_hal_msp.c **** /**
   3:Core/Src/stm32l4xx_hal_msp.c ****   ******************************************************************************
   4:Core/Src/stm32l4xx_hal_msp.c ****   * @file         stm32l4xx_hal_msp.c
   5:Core/Src/stm32l4xx_hal_msp.c ****   * @brief        This file provides code for the MSP Initialization
   6:Core/Src/stm32l4xx_hal_msp.c ****   *               and de-Initialization codes.
   7:Core/Src/stm32l4xx_hal_msp.c ****   ******************************************************************************
   8:Core/Src/stm32l4xx_hal_msp.c ****   * @attention
   9:Core/Src/stm32l4xx_hal_msp.c ****   *
  10:Core/Src/stm32l4xx_hal_msp.c ****   * Copyright (c) 2023 STMicroelectronics.
  11:Core/Src/stm32l4xx_hal_msp.c ****   * All rights reserved.
  12:Core/Src/stm32l4xx_hal_msp.c ****   *
  13:Core/Src/stm32l4xx_hal_msp.c ****   * This software is licensed under terms that can be found in the LICENSE file
  14:Core/Src/stm32l4xx_hal_msp.c ****   * in the root directory of this software component.
  15:Core/Src/stm32l4xx_hal_msp.c ****   * If no LICENSE file comes with this software, it is provided AS-IS.
  16:Core/Src/stm32l4xx_hal_msp.c ****   *
  17:Core/Src/stm32l4xx_hal_msp.c ****   ******************************************************************************
  18:Core/Src/stm32l4xx_hal_msp.c ****   */
  19:Core/Src/stm32l4xx_hal_msp.c **** /* USER CODE END Header */
  20:Core/Src/stm32l4xx_hal_msp.c **** 
  21:Core/Src/stm32l4xx_hal_msp.c **** /* Includes ------------------------------------------------------------------*/
  22:Core/Src/stm32l4xx_hal_msp.c **** #include "main.h"
  23:Core/Src/stm32l4xx_hal_msp.c **** 
  24:Core/Src/stm32l4xx_hal_msp.c **** /* USER CODE BEGIN Includes */
  25:Core/Src/stm32l4xx_hal_msp.c **** 
  26:Core/Src/stm32l4xx_hal_msp.c **** /* USER CODE END Includes */
  27:Core/Src/stm32l4xx_hal_msp.c **** extern DMA_HandleTypeDef hdma_adc1;
  28:Core/Src/stm32l4xx_hal_msp.c **** 
  29:Core/Src/stm32l4xx_hal_msp.c **** extern DMA_HandleTypeDef hdma_dac_ch1;
  30:Core/Src/stm32l4xx_hal_msp.c **** 
ARM GAS  C:\Users\ldu08\AppData\Local\Temp\cc4Xq2Yj.s 			page 2


  31:Core/Src/stm32l4xx_hal_msp.c **** /* Private typedef -----------------------------------------------------------*/
  32:Core/Src/stm32l4xx_hal_msp.c **** /* USER CODE BEGIN TD */
  33:Core/Src/stm32l4xx_hal_msp.c **** 
  34:Core/Src/stm32l4xx_hal_msp.c **** /* USER CODE END TD */
  35:Core/Src/stm32l4xx_hal_msp.c **** 
  36:Core/Src/stm32l4xx_hal_msp.c **** /* Private define ------------------------------------------------------------*/
  37:Core/Src/stm32l4xx_hal_msp.c **** /* USER CODE BEGIN Define */
  38:Core/Src/stm32l4xx_hal_msp.c **** 
  39:Core/Src/stm32l4xx_hal_msp.c **** /* USER CODE END Define */
  40:Core/Src/stm32l4xx_hal_msp.c **** 
  41:Core/Src/stm32l4xx_hal_msp.c **** /* Private macro -------------------------------------------------------------*/
  42:Core/Src/stm32l4xx_hal_msp.c **** /* USER CODE BEGIN Macro */
  43:Core/Src/stm32l4xx_hal_msp.c **** 
  44:Core/Src/stm32l4xx_hal_msp.c **** /* USER CODE END Macro */
  45:Core/Src/stm32l4xx_hal_msp.c **** 
  46:Core/Src/stm32l4xx_hal_msp.c **** /* Private variables ---------------------------------------------------------*/
  47:Core/Src/stm32l4xx_hal_msp.c **** /* USER CODE BEGIN PV */
  48:Core/Src/stm32l4xx_hal_msp.c **** 
  49:Core/Src/stm32l4xx_hal_msp.c **** /* USER CODE END PV */
  50:Core/Src/stm32l4xx_hal_msp.c **** 
  51:Core/Src/stm32l4xx_hal_msp.c **** /* Private function prototypes -----------------------------------------------*/
  52:Core/Src/stm32l4xx_hal_msp.c **** /* USER CODE BEGIN PFP */
  53:Core/Src/stm32l4xx_hal_msp.c **** 
  54:Core/Src/stm32l4xx_hal_msp.c **** /* USER CODE END PFP */
  55:Core/Src/stm32l4xx_hal_msp.c **** 
  56:Core/Src/stm32l4xx_hal_msp.c **** /* External functions --------------------------------------------------------*/
  57:Core/Src/stm32l4xx_hal_msp.c **** /* USER CODE BEGIN ExternalFunctions */
  58:Core/Src/stm32l4xx_hal_msp.c **** 
  59:Core/Src/stm32l4xx_hal_msp.c **** /* USER CODE END ExternalFunctions */
  60:Core/Src/stm32l4xx_hal_msp.c **** 
  61:Core/Src/stm32l4xx_hal_msp.c **** /* USER CODE BEGIN 0 */
  62:Core/Src/stm32l4xx_hal_msp.c **** 
  63:Core/Src/stm32l4xx_hal_msp.c **** /* USER CODE END 0 */
  64:Core/Src/stm32l4xx_hal_msp.c **** /**
  65:Core/Src/stm32l4xx_hal_msp.c ****   * Initializes the Global MSP.
  66:Core/Src/stm32l4xx_hal_msp.c ****   */
  67:Core/Src/stm32l4xx_hal_msp.c **** void HAL_MspInit(void)
  68:Core/Src/stm32l4xx_hal_msp.c **** {
  29              		.loc 1 68 1 view -0
  30              		.cfi_startproc
  31              		@ args = 0, pretend = 0, frame = 8
  32              		@ frame_needed = 0, uses_anonymous_args = 0
  33              		@ link register save eliminated.
  34 0000 82B0     		sub	sp, sp, #8
  35              		.cfi_def_cfa_offset 8
  69:Core/Src/stm32l4xx_hal_msp.c ****   /* USER CODE BEGIN MspInit 0 */
  70:Core/Src/stm32l4xx_hal_msp.c **** 
  71:Core/Src/stm32l4xx_hal_msp.c ****   /* USER CODE END MspInit 0 */
  72:Core/Src/stm32l4xx_hal_msp.c **** 
  73:Core/Src/stm32l4xx_hal_msp.c ****   __HAL_RCC_SYSCFG_CLK_ENABLE();
  36              		.loc 1 73 3 view .LVU1
  37              	.LBB2:
  38              		.loc 1 73 3 view .LVU2
  39              		.loc 1 73 3 view .LVU3
  40 0002 0A4B     		ldr	r3, .L3
  41 0004 1A6E     		ldr	r2, [r3, #96]
  42 0006 42F00102 		orr	r2, r2, #1
ARM GAS  C:\Users\ldu08\AppData\Local\Temp\cc4Xq2Yj.s 			page 3


  43 000a 1A66     		str	r2, [r3, #96]
  44              		.loc 1 73 3 view .LVU4
  45 000c 1A6E     		ldr	r2, [r3, #96]
  46 000e 02F00102 		and	r2, r2, #1
  47 0012 0092     		str	r2, [sp]
  48              		.loc 1 73 3 view .LVU5
  49 0014 009A     		ldr	r2, [sp]
  50              	.LBE2:
  51              		.loc 1 73 3 view .LVU6
  74:Core/Src/stm32l4xx_hal_msp.c ****   __HAL_RCC_PWR_CLK_ENABLE();
  52              		.loc 1 74 3 view .LVU7
  53              	.LBB3:
  54              		.loc 1 74 3 view .LVU8
  55              		.loc 1 74 3 view .LVU9
  56 0016 9A6D     		ldr	r2, [r3, #88]
  57 0018 42F08052 		orr	r2, r2, #268435456
  58 001c 9A65     		str	r2, [r3, #88]
  59              		.loc 1 74 3 view .LVU10
  60 001e 9B6D     		ldr	r3, [r3, #88]
  61 0020 03F08053 		and	r3, r3, #268435456
  62 0024 0193     		str	r3, [sp, #4]
  63              		.loc 1 74 3 view .LVU11
  64 0026 019B     		ldr	r3, [sp, #4]
  65              	.LBE3:
  66              		.loc 1 74 3 view .LVU12
  75:Core/Src/stm32l4xx_hal_msp.c **** 
  76:Core/Src/stm32l4xx_hal_msp.c ****   /* System interrupt init*/
  77:Core/Src/stm32l4xx_hal_msp.c **** 
  78:Core/Src/stm32l4xx_hal_msp.c ****   /* USER CODE BEGIN MspInit 1 */
  79:Core/Src/stm32l4xx_hal_msp.c **** 
  80:Core/Src/stm32l4xx_hal_msp.c ****   /* USER CODE END MspInit 1 */
  81:Core/Src/stm32l4xx_hal_msp.c **** }
  67              		.loc 1 81 1 is_stmt 0 view .LVU13
  68 0028 02B0     		add	sp, sp, #8
  69              		.cfi_def_cfa_offset 0
  70              		@ sp needed
  71 002a 7047     		bx	lr
  72              	.L4:
  73              		.align	2
  74              	.L3:
  75 002c 00100240 		.word	1073876992
  76              		.cfi_endproc
  77              	.LFE321:
  79              		.section	.text.HAL_ADC_MspInit,"ax",%progbits
  80              		.align	1
  81              		.global	HAL_ADC_MspInit
  82              		.syntax unified
  83              		.thumb
  84              		.thumb_func
  86              	HAL_ADC_MspInit:
  87              	.LVL0:
  88              	.LFB322:
  82:Core/Src/stm32l4xx_hal_msp.c **** 
  83:Core/Src/stm32l4xx_hal_msp.c **** /**
  84:Core/Src/stm32l4xx_hal_msp.c **** * @brief ADC MSP Initialization
  85:Core/Src/stm32l4xx_hal_msp.c **** * This function configures the hardware resources used in this example
  86:Core/Src/stm32l4xx_hal_msp.c **** * @param hadc: ADC handle pointer
ARM GAS  C:\Users\ldu08\AppData\Local\Temp\cc4Xq2Yj.s 			page 4


  87:Core/Src/stm32l4xx_hal_msp.c **** * @retval None
  88:Core/Src/stm32l4xx_hal_msp.c **** */
  89:Core/Src/stm32l4xx_hal_msp.c **** void HAL_ADC_MspInit(ADC_HandleTypeDef* hadc)
  90:Core/Src/stm32l4xx_hal_msp.c **** {
  89              		.loc 1 90 1 is_stmt 1 view -0
  90              		.cfi_startproc
  91              		@ args = 0, pretend = 0, frame = 32
  92              		@ frame_needed = 0, uses_anonymous_args = 0
  93              		.loc 1 90 1 is_stmt 0 view .LVU15
  94 0000 10B5     		push	{r4, lr}
  95              		.cfi_def_cfa_offset 8
  96              		.cfi_offset 4, -8
  97              		.cfi_offset 14, -4
  98 0002 88B0     		sub	sp, sp, #32
  99              		.cfi_def_cfa_offset 40
  91:Core/Src/stm32l4xx_hal_msp.c ****   GPIO_InitTypeDef GPIO_InitStruct = {0};
 100              		.loc 1 91 3 is_stmt 1 view .LVU16
 101              		.loc 1 91 20 is_stmt 0 view .LVU17
 102 0004 0023     		movs	r3, #0
 103 0006 0393     		str	r3, [sp, #12]
 104 0008 0493     		str	r3, [sp, #16]
 105 000a 0593     		str	r3, [sp, #20]
 106 000c 0693     		str	r3, [sp, #24]
 107 000e 0793     		str	r3, [sp, #28]
  92:Core/Src/stm32l4xx_hal_msp.c ****   if(hadc->Instance==ADC1)
 108              		.loc 1 92 3 is_stmt 1 view .LVU18
 109              		.loc 1 92 10 is_stmt 0 view .LVU19
 110 0010 0268     		ldr	r2, [r0]
 111              		.loc 1 92 5 view .LVU20
 112 0012 214B     		ldr	r3, .L11
 113 0014 9A42     		cmp	r2, r3
 114 0016 01D0     		beq	.L9
 115              	.LVL1:
 116              	.L5:
  93:Core/Src/stm32l4xx_hal_msp.c ****   {
  94:Core/Src/stm32l4xx_hal_msp.c ****   /* USER CODE BEGIN ADC1_MspInit 0 */
  95:Core/Src/stm32l4xx_hal_msp.c **** 
  96:Core/Src/stm32l4xx_hal_msp.c ****   /* USER CODE END ADC1_MspInit 0 */
  97:Core/Src/stm32l4xx_hal_msp.c ****     /* Peripheral clock enable */
  98:Core/Src/stm32l4xx_hal_msp.c ****     __HAL_RCC_ADC_CLK_ENABLE();
  99:Core/Src/stm32l4xx_hal_msp.c **** 
 100:Core/Src/stm32l4xx_hal_msp.c ****     __HAL_RCC_GPIOC_CLK_ENABLE();
 101:Core/Src/stm32l4xx_hal_msp.c ****     /**ADC1 GPIO Configuration
 102:Core/Src/stm32l4xx_hal_msp.c ****     PC0     ------> ADC1_IN1
 103:Core/Src/stm32l4xx_hal_msp.c ****     */
 104:Core/Src/stm32l4xx_hal_msp.c ****     GPIO_InitStruct.Pin = GPIO_PIN_0;
 105:Core/Src/stm32l4xx_hal_msp.c ****     GPIO_InitStruct.Mode = GPIO_MODE_ANALOG;
 106:Core/Src/stm32l4xx_hal_msp.c ****     GPIO_InitStruct.Pull = GPIO_NOPULL;
 107:Core/Src/stm32l4xx_hal_msp.c ****     HAL_GPIO_Init(GPIOC, &GPIO_InitStruct);
 108:Core/Src/stm32l4xx_hal_msp.c **** 
 109:Core/Src/stm32l4xx_hal_msp.c ****     /* ADC1 DMA Init */
 110:Core/Src/stm32l4xx_hal_msp.c ****     /* ADC1 Init */
 111:Core/Src/stm32l4xx_hal_msp.c ****     hdma_adc1.Instance = DMA1_Channel1;
 112:Core/Src/stm32l4xx_hal_msp.c ****     hdma_adc1.Init.Request = DMA_REQUEST_0;
 113:Core/Src/stm32l4xx_hal_msp.c ****     hdma_adc1.Init.Direction = DMA_PERIPH_TO_MEMORY;
 114:Core/Src/stm32l4xx_hal_msp.c ****     hdma_adc1.Init.PeriphInc = DMA_PINC_DISABLE;
 115:Core/Src/stm32l4xx_hal_msp.c ****     hdma_adc1.Init.MemInc = DMA_MINC_ENABLE;
ARM GAS  C:\Users\ldu08\AppData\Local\Temp\cc4Xq2Yj.s 			page 5


 116:Core/Src/stm32l4xx_hal_msp.c ****     hdma_adc1.Init.PeriphDataAlignment = DMA_PDATAALIGN_WORD;
 117:Core/Src/stm32l4xx_hal_msp.c ****     hdma_adc1.Init.MemDataAlignment = DMA_MDATAALIGN_WORD;
 118:Core/Src/stm32l4xx_hal_msp.c ****     hdma_adc1.Init.Mode = DMA_CIRCULAR;
 119:Core/Src/stm32l4xx_hal_msp.c ****     hdma_adc1.Init.Priority = DMA_PRIORITY_HIGH;
 120:Core/Src/stm32l4xx_hal_msp.c ****     if (HAL_DMA_Init(&hdma_adc1) != HAL_OK)
 121:Core/Src/stm32l4xx_hal_msp.c ****     {
 122:Core/Src/stm32l4xx_hal_msp.c ****       Error_Handler();
 123:Core/Src/stm32l4xx_hal_msp.c ****     }
 124:Core/Src/stm32l4xx_hal_msp.c **** 
 125:Core/Src/stm32l4xx_hal_msp.c ****     __HAL_LINKDMA(hadc,DMA_Handle,hdma_adc1);
 126:Core/Src/stm32l4xx_hal_msp.c **** 
 127:Core/Src/stm32l4xx_hal_msp.c ****   /* USER CODE BEGIN ADC1_MspInit 1 */
 128:Core/Src/stm32l4xx_hal_msp.c **** 
 129:Core/Src/stm32l4xx_hal_msp.c ****   /* USER CODE END ADC1_MspInit 1 */
 130:Core/Src/stm32l4xx_hal_msp.c ****   }
 131:Core/Src/stm32l4xx_hal_msp.c **** 
 132:Core/Src/stm32l4xx_hal_msp.c **** }
 117              		.loc 1 132 1 view .LVU21
 118 0018 08B0     		add	sp, sp, #32
 119              		.cfi_remember_state
 120              		.cfi_def_cfa_offset 8
 121              		@ sp needed
 122 001a 10BD     		pop	{r4, pc}
 123              	.LVL2:
 124              	.L9:
 125              		.cfi_restore_state
 126              		.loc 1 132 1 view .LVU22
 127 001c 0446     		mov	r4, r0
  98:Core/Src/stm32l4xx_hal_msp.c **** 
 128              		.loc 1 98 5 is_stmt 1 view .LVU23
 129              	.LBB4:
  98:Core/Src/stm32l4xx_hal_msp.c **** 
 130              		.loc 1 98 5 view .LVU24
  98:Core/Src/stm32l4xx_hal_msp.c **** 
 131              		.loc 1 98 5 view .LVU25
 132 001e 03F17043 		add	r3, r3, #-268435456
 133 0022 A3F5F833 		sub	r3, r3, #126976
 134 0026 DA6C     		ldr	r2, [r3, #76]
 135 0028 42F40052 		orr	r2, r2, #8192
 136 002c DA64     		str	r2, [r3, #76]
  98:Core/Src/stm32l4xx_hal_msp.c **** 
 137              		.loc 1 98 5 view .LVU26
 138 002e DA6C     		ldr	r2, [r3, #76]
 139 0030 02F40052 		and	r2, r2, #8192
 140 0034 0192     		str	r2, [sp, #4]
  98:Core/Src/stm32l4xx_hal_msp.c **** 
 141              		.loc 1 98 5 view .LVU27
 142 0036 019A     		ldr	r2, [sp, #4]
 143              	.LBE4:
  98:Core/Src/stm32l4xx_hal_msp.c **** 
 144              		.loc 1 98 5 view .LVU28
 100:Core/Src/stm32l4xx_hal_msp.c ****     /**ADC1 GPIO Configuration
 145              		.loc 1 100 5 view .LVU29
 146              	.LBB5:
 100:Core/Src/stm32l4xx_hal_msp.c ****     /**ADC1 GPIO Configuration
 147              		.loc 1 100 5 view .LVU30
 100:Core/Src/stm32l4xx_hal_msp.c ****     /**ADC1 GPIO Configuration
ARM GAS  C:\Users\ldu08\AppData\Local\Temp\cc4Xq2Yj.s 			page 6


 148              		.loc 1 100 5 view .LVU31
 149 0038 DA6C     		ldr	r2, [r3, #76]
 150 003a 42F00402 		orr	r2, r2, #4
 151 003e DA64     		str	r2, [r3, #76]
 100:Core/Src/stm32l4xx_hal_msp.c ****     /**ADC1 GPIO Configuration
 152              		.loc 1 100 5 view .LVU32
 153 0040 DB6C     		ldr	r3, [r3, #76]
 154 0042 03F00403 		and	r3, r3, #4
 155 0046 0293     		str	r3, [sp, #8]
 100:Core/Src/stm32l4xx_hal_msp.c ****     /**ADC1 GPIO Configuration
 156              		.loc 1 100 5 view .LVU33
 157 0048 029B     		ldr	r3, [sp, #8]
 158              	.LBE5:
 100:Core/Src/stm32l4xx_hal_msp.c ****     /**ADC1 GPIO Configuration
 159              		.loc 1 100 5 view .LVU34
 104:Core/Src/stm32l4xx_hal_msp.c ****     GPIO_InitStruct.Mode = GPIO_MODE_ANALOG;
 160              		.loc 1 104 5 view .LVU35
 104:Core/Src/stm32l4xx_hal_msp.c ****     GPIO_InitStruct.Mode = GPIO_MODE_ANALOG;
 161              		.loc 1 104 25 is_stmt 0 view .LVU36
 162 004a 0123     		movs	r3, #1
 163 004c 0393     		str	r3, [sp, #12]
 105:Core/Src/stm32l4xx_hal_msp.c ****     GPIO_InitStruct.Pull = GPIO_NOPULL;
 164              		.loc 1 105 5 is_stmt 1 view .LVU37
 105:Core/Src/stm32l4xx_hal_msp.c ****     GPIO_InitStruct.Pull = GPIO_NOPULL;
 165              		.loc 1 105 26 is_stmt 0 view .LVU38
 166 004e 0323     		movs	r3, #3
 167 0050 0493     		str	r3, [sp, #16]
 106:Core/Src/stm32l4xx_hal_msp.c ****     HAL_GPIO_Init(GPIOC, &GPIO_InitStruct);
 168              		.loc 1 106 5 is_stmt 1 view .LVU39
 107:Core/Src/stm32l4xx_hal_msp.c **** 
 169              		.loc 1 107 5 view .LVU40
 170 0052 03A9     		add	r1, sp, #12
 171 0054 1148     		ldr	r0, .L11+4
 172              	.LVL3:
 107:Core/Src/stm32l4xx_hal_msp.c **** 
 173              		.loc 1 107 5 is_stmt 0 view .LVU41
 174 0056 FFF7FEFF 		bl	HAL_GPIO_Init
 175              	.LVL4:
 111:Core/Src/stm32l4xx_hal_msp.c ****     hdma_adc1.Init.Request = DMA_REQUEST_0;
 176              		.loc 1 111 5 is_stmt 1 view .LVU42
 111:Core/Src/stm32l4xx_hal_msp.c ****     hdma_adc1.Init.Request = DMA_REQUEST_0;
 177              		.loc 1 111 24 is_stmt 0 view .LVU43
 178 005a 1148     		ldr	r0, .L11+8
 179 005c 114B     		ldr	r3, .L11+12
 180 005e 0360     		str	r3, [r0]
 112:Core/Src/stm32l4xx_hal_msp.c ****     hdma_adc1.Init.Direction = DMA_PERIPH_TO_MEMORY;
 181              		.loc 1 112 5 is_stmt 1 view .LVU44
 112:Core/Src/stm32l4xx_hal_msp.c ****     hdma_adc1.Init.Direction = DMA_PERIPH_TO_MEMORY;
 182              		.loc 1 112 28 is_stmt 0 view .LVU45
 183 0060 0023     		movs	r3, #0
 184 0062 4360     		str	r3, [r0, #4]
 113:Core/Src/stm32l4xx_hal_msp.c ****     hdma_adc1.Init.PeriphInc = DMA_PINC_DISABLE;
 185              		.loc 1 113 5 is_stmt 1 view .LVU46
 113:Core/Src/stm32l4xx_hal_msp.c ****     hdma_adc1.Init.PeriphInc = DMA_PINC_DISABLE;
 186              		.loc 1 113 30 is_stmt 0 view .LVU47
 187 0064 8360     		str	r3, [r0, #8]
 114:Core/Src/stm32l4xx_hal_msp.c ****     hdma_adc1.Init.MemInc = DMA_MINC_ENABLE;
ARM GAS  C:\Users\ldu08\AppData\Local\Temp\cc4Xq2Yj.s 			page 7


 188              		.loc 1 114 5 is_stmt 1 view .LVU48
 114:Core/Src/stm32l4xx_hal_msp.c ****     hdma_adc1.Init.MemInc = DMA_MINC_ENABLE;
 189              		.loc 1 114 30 is_stmt 0 view .LVU49
 190 0066 C360     		str	r3, [r0, #12]
 115:Core/Src/stm32l4xx_hal_msp.c ****     hdma_adc1.Init.PeriphDataAlignment = DMA_PDATAALIGN_WORD;
 191              		.loc 1 115 5 is_stmt 1 view .LVU50
 115:Core/Src/stm32l4xx_hal_msp.c ****     hdma_adc1.Init.PeriphDataAlignment = DMA_PDATAALIGN_WORD;
 192              		.loc 1 115 27 is_stmt 0 view .LVU51
 193 0068 8023     		movs	r3, #128
 194 006a 0361     		str	r3, [r0, #16]
 116:Core/Src/stm32l4xx_hal_msp.c ****     hdma_adc1.Init.MemDataAlignment = DMA_MDATAALIGN_WORD;
 195              		.loc 1 116 5 is_stmt 1 view .LVU52
 116:Core/Src/stm32l4xx_hal_msp.c ****     hdma_adc1.Init.MemDataAlignment = DMA_MDATAALIGN_WORD;
 196              		.loc 1 116 40 is_stmt 0 view .LVU53
 197 006c 4FF40073 		mov	r3, #512
 198 0070 4361     		str	r3, [r0, #20]
 117:Core/Src/stm32l4xx_hal_msp.c ****     hdma_adc1.Init.Mode = DMA_CIRCULAR;
 199              		.loc 1 117 5 is_stmt 1 view .LVU54
 117:Core/Src/stm32l4xx_hal_msp.c ****     hdma_adc1.Init.Mode = DMA_CIRCULAR;
 200              		.loc 1 117 37 is_stmt 0 view .LVU55
 201 0072 4FF40063 		mov	r3, #2048
 202 0076 8361     		str	r3, [r0, #24]
 118:Core/Src/stm32l4xx_hal_msp.c ****     hdma_adc1.Init.Priority = DMA_PRIORITY_HIGH;
 203              		.loc 1 118 5 is_stmt 1 view .LVU56
 118:Core/Src/stm32l4xx_hal_msp.c ****     hdma_adc1.Init.Priority = DMA_PRIORITY_HIGH;
 204              		.loc 1 118 25 is_stmt 0 view .LVU57
 205 0078 2023     		movs	r3, #32
 206 007a C361     		str	r3, [r0, #28]
 119:Core/Src/stm32l4xx_hal_msp.c ****     if (HAL_DMA_Init(&hdma_adc1) != HAL_OK)
 207              		.loc 1 119 5 is_stmt 1 view .LVU58
 119:Core/Src/stm32l4xx_hal_msp.c ****     if (HAL_DMA_Init(&hdma_adc1) != HAL_OK)
 208              		.loc 1 119 29 is_stmt 0 view .LVU59
 209 007c 4FF40053 		mov	r3, #8192
 210 0080 0362     		str	r3, [r0, #32]
 120:Core/Src/stm32l4xx_hal_msp.c ****     {
 211              		.loc 1 120 5 is_stmt 1 view .LVU60
 120:Core/Src/stm32l4xx_hal_msp.c ****     {
 212              		.loc 1 120 9 is_stmt 0 view .LVU61
 213 0082 FFF7FEFF 		bl	HAL_DMA_Init
 214              	.LVL5:
 120:Core/Src/stm32l4xx_hal_msp.c ****     {
 215              		.loc 1 120 8 view .LVU62
 216 0086 18B9     		cbnz	r0, .L10
 217              	.L7:
 125:Core/Src/stm32l4xx_hal_msp.c **** 
 218              		.loc 1 125 5 is_stmt 1 view .LVU63
 125:Core/Src/stm32l4xx_hal_msp.c **** 
 219              		.loc 1 125 5 view .LVU64
 220 0088 054B     		ldr	r3, .L11+8
 221 008a 2365     		str	r3, [r4, #80]
 125:Core/Src/stm32l4xx_hal_msp.c **** 
 222              		.loc 1 125 5 view .LVU65
 223 008c 9C62     		str	r4, [r3, #40]
 125:Core/Src/stm32l4xx_hal_msp.c **** 
 224              		.loc 1 125 5 view .LVU66
 225              		.loc 1 132 1 is_stmt 0 view .LVU67
 226 008e C3E7     		b	.L5
ARM GAS  C:\Users\ldu08\AppData\Local\Temp\cc4Xq2Yj.s 			page 8


 227              	.L10:
 122:Core/Src/stm32l4xx_hal_msp.c ****     }
 228              		.loc 1 122 7 is_stmt 1 view .LVU68
 229 0090 FFF7FEFF 		bl	Error_Handler
 230              	.LVL6:
 231 0094 F8E7     		b	.L7
 232              	.L12:
 233 0096 00BF     		.align	2
 234              	.L11:
 235 0098 00000450 		.word	1342439424
 236 009c 00080048 		.word	1207961600
 237 00a0 00000000 		.word	hdma_adc1
 238 00a4 08000240 		.word	1073872904
 239              		.cfi_endproc
 240              	.LFE322:
 242              		.section	.text.HAL_ADC_MspDeInit,"ax",%progbits
 243              		.align	1
 244              		.global	HAL_ADC_MspDeInit
 245              		.syntax unified
 246              		.thumb
 247              		.thumb_func
 249              	HAL_ADC_MspDeInit:
 250              	.LVL7:
 251              	.LFB323:
 133:Core/Src/stm32l4xx_hal_msp.c **** 
 134:Core/Src/stm32l4xx_hal_msp.c **** /**
 135:Core/Src/stm32l4xx_hal_msp.c **** * @brief ADC MSP De-Initialization
 136:Core/Src/stm32l4xx_hal_msp.c **** * This function freeze the hardware resources used in this example
 137:Core/Src/stm32l4xx_hal_msp.c **** * @param hadc: ADC handle pointer
 138:Core/Src/stm32l4xx_hal_msp.c **** * @retval None
 139:Core/Src/stm32l4xx_hal_msp.c **** */
 140:Core/Src/stm32l4xx_hal_msp.c **** void HAL_ADC_MspDeInit(ADC_HandleTypeDef* hadc)
 141:Core/Src/stm32l4xx_hal_msp.c **** {
 252              		.loc 1 141 1 view -0
 253              		.cfi_startproc
 254              		@ args = 0, pretend = 0, frame = 0
 255              		@ frame_needed = 0, uses_anonymous_args = 0
 142:Core/Src/stm32l4xx_hal_msp.c ****   if(hadc->Instance==ADC1)
 256              		.loc 1 142 3 view .LVU70
 257              		.loc 1 142 10 is_stmt 0 view .LVU71
 258 0000 0268     		ldr	r2, [r0]
 259              		.loc 1 142 5 view .LVU72
 260 0002 094B     		ldr	r3, .L20
 261 0004 9A42     		cmp	r2, r3
 262 0006 00D0     		beq	.L19
 263 0008 7047     		bx	lr
 264              	.L19:
 141:Core/Src/stm32l4xx_hal_msp.c ****   if(hadc->Instance==ADC1)
 265              		.loc 1 141 1 view .LVU73
 266 000a 10B5     		push	{r4, lr}
 267              		.cfi_def_cfa_offset 8
 268              		.cfi_offset 4, -8
 269              		.cfi_offset 14, -4
 270 000c 0446     		mov	r4, r0
 143:Core/Src/stm32l4xx_hal_msp.c ****   {
 144:Core/Src/stm32l4xx_hal_msp.c ****   /* USER CODE BEGIN ADC1_MspDeInit 0 */
 145:Core/Src/stm32l4xx_hal_msp.c **** 
ARM GAS  C:\Users\ldu08\AppData\Local\Temp\cc4Xq2Yj.s 			page 9


 146:Core/Src/stm32l4xx_hal_msp.c ****   /* USER CODE END ADC1_MspDeInit 0 */
 147:Core/Src/stm32l4xx_hal_msp.c ****     /* Peripheral clock disable */
 148:Core/Src/stm32l4xx_hal_msp.c ****     __HAL_RCC_ADC_CLK_DISABLE();
 271              		.loc 1 148 5 is_stmt 1 view .LVU74
 272 000e 074A     		ldr	r2, .L20+4
 273 0010 D36C     		ldr	r3, [r2, #76]
 274 0012 23F40053 		bic	r3, r3, #8192
 275 0016 D364     		str	r3, [r2, #76]
 149:Core/Src/stm32l4xx_hal_msp.c **** 
 150:Core/Src/stm32l4xx_hal_msp.c ****     /**ADC1 GPIO Configuration
 151:Core/Src/stm32l4xx_hal_msp.c ****     PC0     ------> ADC1_IN1
 152:Core/Src/stm32l4xx_hal_msp.c ****     */
 153:Core/Src/stm32l4xx_hal_msp.c ****     HAL_GPIO_DeInit(GPIOC, GPIO_PIN_0);
 276              		.loc 1 153 5 view .LVU75
 277 0018 0121     		movs	r1, #1
 278 001a 0548     		ldr	r0, .L20+8
 279              	.LVL8:
 280              		.loc 1 153 5 is_stmt 0 view .LVU76
 281 001c FFF7FEFF 		bl	HAL_GPIO_DeInit
 282              	.LVL9:
 154:Core/Src/stm32l4xx_hal_msp.c **** 
 155:Core/Src/stm32l4xx_hal_msp.c ****     /* ADC1 DMA DeInit */
 156:Core/Src/stm32l4xx_hal_msp.c ****     HAL_DMA_DeInit(hadc->DMA_Handle);
 283              		.loc 1 156 5 is_stmt 1 view .LVU77
 284 0020 206D     		ldr	r0, [r4, #80]
 285 0022 FFF7FEFF 		bl	HAL_DMA_DeInit
 286              	.LVL10:
 157:Core/Src/stm32l4xx_hal_msp.c ****   /* USER CODE BEGIN ADC1_MspDeInit 1 */
 158:Core/Src/stm32l4xx_hal_msp.c **** 
 159:Core/Src/stm32l4xx_hal_msp.c ****   /* USER CODE END ADC1_MspDeInit 1 */
 160:Core/Src/stm32l4xx_hal_msp.c ****   }
 161:Core/Src/stm32l4xx_hal_msp.c **** 
 162:Core/Src/stm32l4xx_hal_msp.c **** }
 287              		.loc 1 162 1 is_stmt 0 view .LVU78
 288 0026 10BD     		pop	{r4, pc}
 289              	.LVL11:
 290              	.L21:
 291              		.loc 1 162 1 view .LVU79
 292              		.align	2
 293              	.L20:
 294 0028 00000450 		.word	1342439424
 295 002c 00100240 		.word	1073876992
 296 0030 00080048 		.word	1207961600
 297              		.cfi_endproc
 298              	.LFE323:
 300              		.section	.text.HAL_DAC_MspInit,"ax",%progbits
 301              		.align	1
 302              		.global	HAL_DAC_MspInit
 303              		.syntax unified
 304              		.thumb
 305              		.thumb_func
 307              	HAL_DAC_MspInit:
 308              	.LVL12:
 309              	.LFB324:
 163:Core/Src/stm32l4xx_hal_msp.c **** 
 164:Core/Src/stm32l4xx_hal_msp.c **** /**
 165:Core/Src/stm32l4xx_hal_msp.c **** * @brief DAC MSP Initialization
ARM GAS  C:\Users\ldu08\AppData\Local\Temp\cc4Xq2Yj.s 			page 10


 166:Core/Src/stm32l4xx_hal_msp.c **** * This function configures the hardware resources used in this example
 167:Core/Src/stm32l4xx_hal_msp.c **** * @param hdac: DAC handle pointer
 168:Core/Src/stm32l4xx_hal_msp.c **** * @retval None
 169:Core/Src/stm32l4xx_hal_msp.c **** */
 170:Core/Src/stm32l4xx_hal_msp.c **** void HAL_DAC_MspInit(DAC_HandleTypeDef* hdac)
 171:Core/Src/stm32l4xx_hal_msp.c **** {
 310              		.loc 1 171 1 is_stmt 1 view -0
 311              		.cfi_startproc
 312              		@ args = 0, pretend = 0, frame = 32
 313              		@ frame_needed = 0, uses_anonymous_args = 0
 314              		.loc 1 171 1 is_stmt 0 view .LVU81
 315 0000 30B5     		push	{r4, r5, lr}
 316              		.cfi_def_cfa_offset 12
 317              		.cfi_offset 4, -12
 318              		.cfi_offset 5, -8
 319              		.cfi_offset 14, -4
 320 0002 89B0     		sub	sp, sp, #36
 321              		.cfi_def_cfa_offset 48
 172:Core/Src/stm32l4xx_hal_msp.c ****   GPIO_InitTypeDef GPIO_InitStruct = {0};
 322              		.loc 1 172 3 is_stmt 1 view .LVU82
 323              		.loc 1 172 20 is_stmt 0 view .LVU83
 324 0004 0023     		movs	r3, #0
 325 0006 0393     		str	r3, [sp, #12]
 326 0008 0493     		str	r3, [sp, #16]
 327 000a 0593     		str	r3, [sp, #20]
 328 000c 0693     		str	r3, [sp, #24]
 329 000e 0793     		str	r3, [sp, #28]
 173:Core/Src/stm32l4xx_hal_msp.c ****   if(hdac->Instance==DAC1)
 330              		.loc 1 173 3 is_stmt 1 view .LVU84
 331              		.loc 1 173 10 is_stmt 0 view .LVU85
 332 0010 0268     		ldr	r2, [r0]
 333              		.loc 1 173 5 view .LVU86
 334 0012 214B     		ldr	r3, .L28
 335 0014 9A42     		cmp	r2, r3
 336 0016 01D0     		beq	.L26
 337              	.LVL13:
 338              	.L22:
 174:Core/Src/stm32l4xx_hal_msp.c ****   {
 175:Core/Src/stm32l4xx_hal_msp.c ****   /* USER CODE BEGIN DAC1_MspInit 0 */
 176:Core/Src/stm32l4xx_hal_msp.c **** 
 177:Core/Src/stm32l4xx_hal_msp.c ****   /* USER CODE END DAC1_MspInit 0 */
 178:Core/Src/stm32l4xx_hal_msp.c ****     /* Peripheral clock enable */
 179:Core/Src/stm32l4xx_hal_msp.c ****     __HAL_RCC_DAC1_CLK_ENABLE();
 180:Core/Src/stm32l4xx_hal_msp.c **** 
 181:Core/Src/stm32l4xx_hal_msp.c ****     __HAL_RCC_GPIOA_CLK_ENABLE();
 182:Core/Src/stm32l4xx_hal_msp.c ****     /**DAC1 GPIO Configuration
 183:Core/Src/stm32l4xx_hal_msp.c ****     PA4     ------> DAC1_OUT1
 184:Core/Src/stm32l4xx_hal_msp.c ****     */
 185:Core/Src/stm32l4xx_hal_msp.c ****     GPIO_InitStruct.Pin = GPIO_PIN_4;
 186:Core/Src/stm32l4xx_hal_msp.c ****     GPIO_InitStruct.Mode = GPIO_MODE_ANALOG;
 187:Core/Src/stm32l4xx_hal_msp.c ****     GPIO_InitStruct.Pull = GPIO_NOPULL;
 188:Core/Src/stm32l4xx_hal_msp.c ****     HAL_GPIO_Init(GPIOA, &GPIO_InitStruct);
 189:Core/Src/stm32l4xx_hal_msp.c **** 
 190:Core/Src/stm32l4xx_hal_msp.c ****     /* DAC1 DMA Init */
 191:Core/Src/stm32l4xx_hal_msp.c ****     /* DAC_CH1 Init */
 192:Core/Src/stm32l4xx_hal_msp.c ****     hdma_dac_ch1.Instance = DMA1_Channel3;
 193:Core/Src/stm32l4xx_hal_msp.c ****     hdma_dac_ch1.Init.Request = DMA_REQUEST_6;
ARM GAS  C:\Users\ldu08\AppData\Local\Temp\cc4Xq2Yj.s 			page 11


 194:Core/Src/stm32l4xx_hal_msp.c ****     hdma_dac_ch1.Init.Direction = DMA_MEMORY_TO_PERIPH;
 195:Core/Src/stm32l4xx_hal_msp.c ****     hdma_dac_ch1.Init.PeriphInc = DMA_PINC_DISABLE;
 196:Core/Src/stm32l4xx_hal_msp.c ****     hdma_dac_ch1.Init.MemInc = DMA_MINC_ENABLE;
 197:Core/Src/stm32l4xx_hal_msp.c ****     hdma_dac_ch1.Init.PeriphDataAlignment = DMA_PDATAALIGN_WORD;
 198:Core/Src/stm32l4xx_hal_msp.c ****     hdma_dac_ch1.Init.MemDataAlignment = DMA_MDATAALIGN_WORD;
 199:Core/Src/stm32l4xx_hal_msp.c ****     hdma_dac_ch1.Init.Mode = DMA_CIRCULAR;
 200:Core/Src/stm32l4xx_hal_msp.c ****     hdma_dac_ch1.Init.Priority = DMA_PRIORITY_HIGH;
 201:Core/Src/stm32l4xx_hal_msp.c ****     if (HAL_DMA_Init(&hdma_dac_ch1) != HAL_OK)
 202:Core/Src/stm32l4xx_hal_msp.c ****     {
 203:Core/Src/stm32l4xx_hal_msp.c ****       Error_Handler();
 204:Core/Src/stm32l4xx_hal_msp.c ****     }
 205:Core/Src/stm32l4xx_hal_msp.c **** 
 206:Core/Src/stm32l4xx_hal_msp.c ****     __HAL_LINKDMA(hdac,DMA_Handle1,hdma_dac_ch1);
 207:Core/Src/stm32l4xx_hal_msp.c **** 
 208:Core/Src/stm32l4xx_hal_msp.c ****   /* USER CODE BEGIN DAC1_MspInit 1 */
 209:Core/Src/stm32l4xx_hal_msp.c **** 
 210:Core/Src/stm32l4xx_hal_msp.c ****   /* USER CODE END DAC1_MspInit 1 */
 211:Core/Src/stm32l4xx_hal_msp.c ****   }
 212:Core/Src/stm32l4xx_hal_msp.c **** 
 213:Core/Src/stm32l4xx_hal_msp.c **** }
 339              		.loc 1 213 1 view .LVU87
 340 0018 09B0     		add	sp, sp, #36
 341              		.cfi_remember_state
 342              		.cfi_def_cfa_offset 12
 343              		@ sp needed
 344 001a 30BD     		pop	{r4, r5, pc}
 345              	.LVL14:
 346              	.L26:
 347              		.cfi_restore_state
 348              		.loc 1 213 1 view .LVU88
 349 001c 0446     		mov	r4, r0
 179:Core/Src/stm32l4xx_hal_msp.c **** 
 350              		.loc 1 179 5 is_stmt 1 view .LVU89
 351              	.LBB6:
 179:Core/Src/stm32l4xx_hal_msp.c **** 
 352              		.loc 1 179 5 view .LVU90
 179:Core/Src/stm32l4xx_hal_msp.c **** 
 353              		.loc 1 179 5 view .LVU91
 354 001e 03F5CE33 		add	r3, r3, #105472
 355 0022 9A6D     		ldr	r2, [r3, #88]
 356 0024 42F00052 		orr	r2, r2, #536870912
 357 0028 9A65     		str	r2, [r3, #88]
 179:Core/Src/stm32l4xx_hal_msp.c **** 
 358              		.loc 1 179 5 view .LVU92
 359 002a 9A6D     		ldr	r2, [r3, #88]
 360 002c 02F00052 		and	r2, r2, #536870912
 361 0030 0192     		str	r2, [sp, #4]
 179:Core/Src/stm32l4xx_hal_msp.c **** 
 362              		.loc 1 179 5 view .LVU93
 363 0032 019A     		ldr	r2, [sp, #4]
 364              	.LBE6:
 179:Core/Src/stm32l4xx_hal_msp.c **** 
 365              		.loc 1 179 5 view .LVU94
 181:Core/Src/stm32l4xx_hal_msp.c ****     /**DAC1 GPIO Configuration
 366              		.loc 1 181 5 view .LVU95
 367              	.LBB7:
 181:Core/Src/stm32l4xx_hal_msp.c ****     /**DAC1 GPIO Configuration
ARM GAS  C:\Users\ldu08\AppData\Local\Temp\cc4Xq2Yj.s 			page 12


 368              		.loc 1 181 5 view .LVU96
 181:Core/Src/stm32l4xx_hal_msp.c ****     /**DAC1 GPIO Configuration
 369              		.loc 1 181 5 view .LVU97
 370 0034 DA6C     		ldr	r2, [r3, #76]
 371 0036 42F00102 		orr	r2, r2, #1
 372 003a DA64     		str	r2, [r3, #76]
 181:Core/Src/stm32l4xx_hal_msp.c ****     /**DAC1 GPIO Configuration
 373              		.loc 1 181 5 view .LVU98
 374 003c DB6C     		ldr	r3, [r3, #76]
 375 003e 03F00103 		and	r3, r3, #1
 376 0042 0293     		str	r3, [sp, #8]
 181:Core/Src/stm32l4xx_hal_msp.c ****     /**DAC1 GPIO Configuration
 377              		.loc 1 181 5 view .LVU99
 378 0044 029B     		ldr	r3, [sp, #8]
 379              	.LBE7:
 181:Core/Src/stm32l4xx_hal_msp.c ****     /**DAC1 GPIO Configuration
 380              		.loc 1 181 5 view .LVU100
 185:Core/Src/stm32l4xx_hal_msp.c ****     GPIO_InitStruct.Mode = GPIO_MODE_ANALOG;
 381              		.loc 1 185 5 view .LVU101
 185:Core/Src/stm32l4xx_hal_msp.c ****     GPIO_InitStruct.Mode = GPIO_MODE_ANALOG;
 382              		.loc 1 185 25 is_stmt 0 view .LVU102
 383 0046 1025     		movs	r5, #16
 384 0048 0395     		str	r5, [sp, #12]
 186:Core/Src/stm32l4xx_hal_msp.c ****     GPIO_InitStruct.Pull = GPIO_NOPULL;
 385              		.loc 1 186 5 is_stmt 1 view .LVU103
 186:Core/Src/stm32l4xx_hal_msp.c ****     GPIO_InitStruct.Pull = GPIO_NOPULL;
 386              		.loc 1 186 26 is_stmt 0 view .LVU104
 387 004a 0323     		movs	r3, #3
 388 004c 0493     		str	r3, [sp, #16]
 187:Core/Src/stm32l4xx_hal_msp.c ****     HAL_GPIO_Init(GPIOA, &GPIO_InitStruct);
 389              		.loc 1 187 5 is_stmt 1 view .LVU105
 188:Core/Src/stm32l4xx_hal_msp.c **** 
 390              		.loc 1 188 5 view .LVU106
 391 004e 03A9     		add	r1, sp, #12
 392 0050 4FF09040 		mov	r0, #1207959552
 393              	.LVL15:
 188:Core/Src/stm32l4xx_hal_msp.c **** 
 394              		.loc 1 188 5 is_stmt 0 view .LVU107
 395 0054 FFF7FEFF 		bl	HAL_GPIO_Init
 396              	.LVL16:
 192:Core/Src/stm32l4xx_hal_msp.c ****     hdma_dac_ch1.Init.Request = DMA_REQUEST_6;
 397              		.loc 1 192 5 is_stmt 1 view .LVU108
 192:Core/Src/stm32l4xx_hal_msp.c ****     hdma_dac_ch1.Init.Request = DMA_REQUEST_6;
 398              		.loc 1 192 27 is_stmt 0 view .LVU109
 399 0058 1048     		ldr	r0, .L28+4
 400 005a 114B     		ldr	r3, .L28+8
 401 005c 0360     		str	r3, [r0]
 193:Core/Src/stm32l4xx_hal_msp.c ****     hdma_dac_ch1.Init.Direction = DMA_MEMORY_TO_PERIPH;
 402              		.loc 1 193 5 is_stmt 1 view .LVU110
 193:Core/Src/stm32l4xx_hal_msp.c ****     hdma_dac_ch1.Init.Direction = DMA_MEMORY_TO_PERIPH;
 403              		.loc 1 193 31 is_stmt 0 view .LVU111
 404 005e 0623     		movs	r3, #6
 405 0060 4360     		str	r3, [r0, #4]
 194:Core/Src/stm32l4xx_hal_msp.c ****     hdma_dac_ch1.Init.PeriphInc = DMA_PINC_DISABLE;
 406              		.loc 1 194 5 is_stmt 1 view .LVU112
 194:Core/Src/stm32l4xx_hal_msp.c ****     hdma_dac_ch1.Init.PeriphInc = DMA_PINC_DISABLE;
 407              		.loc 1 194 33 is_stmt 0 view .LVU113
ARM GAS  C:\Users\ldu08\AppData\Local\Temp\cc4Xq2Yj.s 			page 13


 408 0062 8560     		str	r5, [r0, #8]
 195:Core/Src/stm32l4xx_hal_msp.c ****     hdma_dac_ch1.Init.MemInc = DMA_MINC_ENABLE;
 409              		.loc 1 195 5 is_stmt 1 view .LVU114
 195:Core/Src/stm32l4xx_hal_msp.c ****     hdma_dac_ch1.Init.MemInc = DMA_MINC_ENABLE;
 410              		.loc 1 195 33 is_stmt 0 view .LVU115
 411 0064 0023     		movs	r3, #0
 412 0066 C360     		str	r3, [r0, #12]
 196:Core/Src/stm32l4xx_hal_msp.c ****     hdma_dac_ch1.Init.PeriphDataAlignment = DMA_PDATAALIGN_WORD;
 413              		.loc 1 196 5 is_stmt 1 view .LVU116
 196:Core/Src/stm32l4xx_hal_msp.c ****     hdma_dac_ch1.Init.PeriphDataAlignment = DMA_PDATAALIGN_WORD;
 414              		.loc 1 196 30 is_stmt 0 view .LVU117
 415 0068 8023     		movs	r3, #128
 416 006a 0361     		str	r3, [r0, #16]
 197:Core/Src/stm32l4xx_hal_msp.c ****     hdma_dac_ch1.Init.MemDataAlignment = DMA_MDATAALIGN_WORD;
 417              		.loc 1 197 5 is_stmt 1 view .LVU118
 197:Core/Src/stm32l4xx_hal_msp.c ****     hdma_dac_ch1.Init.MemDataAlignment = DMA_MDATAALIGN_WORD;
 418              		.loc 1 197 43 is_stmt 0 view .LVU119
 419 006c 4FF40073 		mov	r3, #512
 420 0070 4361     		str	r3, [r0, #20]
 198:Core/Src/stm32l4xx_hal_msp.c ****     hdma_dac_ch1.Init.Mode = DMA_CIRCULAR;
 421              		.loc 1 198 5 is_stmt 1 view .LVU120
 198:Core/Src/stm32l4xx_hal_msp.c ****     hdma_dac_ch1.Init.Mode = DMA_CIRCULAR;
 422              		.loc 1 198 40 is_stmt 0 view .LVU121
 423 0072 4FF40063 		mov	r3, #2048
 424 0076 8361     		str	r3, [r0, #24]
 199:Core/Src/stm32l4xx_hal_msp.c ****     hdma_dac_ch1.Init.Priority = DMA_PRIORITY_HIGH;
 425              		.loc 1 199 5 is_stmt 1 view .LVU122
 199:Core/Src/stm32l4xx_hal_msp.c ****     hdma_dac_ch1.Init.Priority = DMA_PRIORITY_HIGH;
 426              		.loc 1 199 28 is_stmt 0 view .LVU123
 427 0078 2023     		movs	r3, #32
 428 007a C361     		str	r3, [r0, #28]
 200:Core/Src/stm32l4xx_hal_msp.c ****     if (HAL_DMA_Init(&hdma_dac_ch1) != HAL_OK)
 429              		.loc 1 200 5 is_stmt 1 view .LVU124
 200:Core/Src/stm32l4xx_hal_msp.c ****     if (HAL_DMA_Init(&hdma_dac_ch1) != HAL_OK)
 430              		.loc 1 200 32 is_stmt 0 view .LVU125
 431 007c 4FF40053 		mov	r3, #8192
 432 0080 0362     		str	r3, [r0, #32]
 201:Core/Src/stm32l4xx_hal_msp.c ****     {
 433              		.loc 1 201 5 is_stmt 1 view .LVU126
 201:Core/Src/stm32l4xx_hal_msp.c ****     {
 434              		.loc 1 201 9 is_stmt 0 view .LVU127
 435 0082 FFF7FEFF 		bl	HAL_DMA_Init
 436              	.LVL17:
 201:Core/Src/stm32l4xx_hal_msp.c ****     {
 437              		.loc 1 201 8 view .LVU128
 438 0086 18B9     		cbnz	r0, .L27
 439              	.L24:
 206:Core/Src/stm32l4xx_hal_msp.c **** 
 440              		.loc 1 206 5 is_stmt 1 view .LVU129
 206:Core/Src/stm32l4xx_hal_msp.c **** 
 441              		.loc 1 206 5 view .LVU130
 442 0088 044B     		ldr	r3, .L28+4
 443 008a A360     		str	r3, [r4, #8]
 206:Core/Src/stm32l4xx_hal_msp.c **** 
 444              		.loc 1 206 5 view .LVU131
 445 008c 9C62     		str	r4, [r3, #40]
 206:Core/Src/stm32l4xx_hal_msp.c **** 
ARM GAS  C:\Users\ldu08\AppData\Local\Temp\cc4Xq2Yj.s 			page 14


 446              		.loc 1 206 5 view .LVU132
 447              		.loc 1 213 1 is_stmt 0 view .LVU133
 448 008e C3E7     		b	.L22
 449              	.L27:
 203:Core/Src/stm32l4xx_hal_msp.c ****     }
 450              		.loc 1 203 7 is_stmt 1 view .LVU134
 451 0090 FFF7FEFF 		bl	Error_Handler
 452              	.LVL18:
 453 0094 F8E7     		b	.L24
 454              	.L29:
 455 0096 00BF     		.align	2
 456              	.L28:
 457 0098 00740040 		.word	1073771520
 458 009c 00000000 		.word	hdma_dac_ch1
 459 00a0 30000240 		.word	1073872944
 460              		.cfi_endproc
 461              	.LFE324:
 463              		.section	.text.HAL_DAC_MspDeInit,"ax",%progbits
 464              		.align	1
 465              		.global	HAL_DAC_MspDeInit
 466              		.syntax unified
 467              		.thumb
 468              		.thumb_func
 470              	HAL_DAC_MspDeInit:
 471              	.LVL19:
 472              	.LFB325:
 214:Core/Src/stm32l4xx_hal_msp.c **** 
 215:Core/Src/stm32l4xx_hal_msp.c **** /**
 216:Core/Src/stm32l4xx_hal_msp.c **** * @brief DAC MSP De-Initialization
 217:Core/Src/stm32l4xx_hal_msp.c **** * This function freeze the hardware resources used in this example
 218:Core/Src/stm32l4xx_hal_msp.c **** * @param hdac: DAC handle pointer
 219:Core/Src/stm32l4xx_hal_msp.c **** * @retval None
 220:Core/Src/stm32l4xx_hal_msp.c **** */
 221:Core/Src/stm32l4xx_hal_msp.c **** void HAL_DAC_MspDeInit(DAC_HandleTypeDef* hdac)
 222:Core/Src/stm32l4xx_hal_msp.c **** {
 473              		.loc 1 222 1 view -0
 474              		.cfi_startproc
 475              		@ args = 0, pretend = 0, frame = 0
 476              		@ frame_needed = 0, uses_anonymous_args = 0
 223:Core/Src/stm32l4xx_hal_msp.c ****   if(hdac->Instance==DAC1)
 477              		.loc 1 223 3 view .LVU136
 478              		.loc 1 223 10 is_stmt 0 view .LVU137
 479 0000 0268     		ldr	r2, [r0]
 480              		.loc 1 223 5 view .LVU138
 481 0002 0A4B     		ldr	r3, .L37
 482 0004 9A42     		cmp	r2, r3
 483 0006 00D0     		beq	.L36
 484 0008 7047     		bx	lr
 485              	.L36:
 222:Core/Src/stm32l4xx_hal_msp.c ****   if(hdac->Instance==DAC1)
 486              		.loc 1 222 1 view .LVU139
 487 000a 10B5     		push	{r4, lr}
 488              		.cfi_def_cfa_offset 8
 489              		.cfi_offset 4, -8
 490              		.cfi_offset 14, -4
 491 000c 0446     		mov	r4, r0
 224:Core/Src/stm32l4xx_hal_msp.c ****   {
ARM GAS  C:\Users\ldu08\AppData\Local\Temp\cc4Xq2Yj.s 			page 15


 225:Core/Src/stm32l4xx_hal_msp.c ****   /* USER CODE BEGIN DAC1_MspDeInit 0 */
 226:Core/Src/stm32l4xx_hal_msp.c **** 
 227:Core/Src/stm32l4xx_hal_msp.c ****   /* USER CODE END DAC1_MspDeInit 0 */
 228:Core/Src/stm32l4xx_hal_msp.c ****     /* Peripheral clock disable */
 229:Core/Src/stm32l4xx_hal_msp.c ****     __HAL_RCC_DAC1_CLK_DISABLE();
 492              		.loc 1 229 5 is_stmt 1 view .LVU140
 493 000e 084A     		ldr	r2, .L37+4
 494 0010 936D     		ldr	r3, [r2, #88]
 495 0012 23F00053 		bic	r3, r3, #536870912
 496 0016 9365     		str	r3, [r2, #88]
 230:Core/Src/stm32l4xx_hal_msp.c **** 
 231:Core/Src/stm32l4xx_hal_msp.c ****     /**DAC1 GPIO Configuration
 232:Core/Src/stm32l4xx_hal_msp.c ****     PA4     ------> DAC1_OUT1
 233:Core/Src/stm32l4xx_hal_msp.c ****     */
 234:Core/Src/stm32l4xx_hal_msp.c ****     HAL_GPIO_DeInit(GPIOA, GPIO_PIN_4);
 497              		.loc 1 234 5 view .LVU141
 498 0018 1021     		movs	r1, #16
 499 001a 4FF09040 		mov	r0, #1207959552
 500              	.LVL20:
 501              		.loc 1 234 5 is_stmt 0 view .LVU142
 502 001e FFF7FEFF 		bl	HAL_GPIO_DeInit
 503              	.LVL21:
 235:Core/Src/stm32l4xx_hal_msp.c **** 
 236:Core/Src/stm32l4xx_hal_msp.c ****     /* DAC1 DMA DeInit */
 237:Core/Src/stm32l4xx_hal_msp.c ****     HAL_DMA_DeInit(hdac->DMA_Handle1);
 504              		.loc 1 237 5 is_stmt 1 view .LVU143
 505 0022 A068     		ldr	r0, [r4, #8]
 506 0024 FFF7FEFF 		bl	HAL_DMA_DeInit
 507              	.LVL22:
 238:Core/Src/stm32l4xx_hal_msp.c ****   /* USER CODE BEGIN DAC1_MspDeInit 1 */
 239:Core/Src/stm32l4xx_hal_msp.c **** 
 240:Core/Src/stm32l4xx_hal_msp.c ****   /* USER CODE END DAC1_MspDeInit 1 */
 241:Core/Src/stm32l4xx_hal_msp.c ****   }
 242:Core/Src/stm32l4xx_hal_msp.c **** 
 243:Core/Src/stm32l4xx_hal_msp.c **** }
 508              		.loc 1 243 1 is_stmt 0 view .LVU144
 509 0028 10BD     		pop	{r4, pc}
 510              	.LVL23:
 511              	.L38:
 512              		.loc 1 243 1 view .LVU145
 513 002a 00BF     		.align	2
 514              	.L37:
 515 002c 00740040 		.word	1073771520
 516 0030 00100240 		.word	1073876992
 517              		.cfi_endproc
 518              	.LFE325:
 520              		.section	.text.HAL_UART_MspInit,"ax",%progbits
 521              		.align	1
 522              		.global	HAL_UART_MspInit
 523              		.syntax unified
 524              		.thumb
 525              		.thumb_func
 527              	HAL_UART_MspInit:
 528              	.LVL24:
 529              	.LFB326:
 244:Core/Src/stm32l4xx_hal_msp.c **** 
 245:Core/Src/stm32l4xx_hal_msp.c **** /**
ARM GAS  C:\Users\ldu08\AppData\Local\Temp\cc4Xq2Yj.s 			page 16


 246:Core/Src/stm32l4xx_hal_msp.c **** * @brief UART MSP Initialization
 247:Core/Src/stm32l4xx_hal_msp.c **** * This function configures the hardware resources used in this example
 248:Core/Src/stm32l4xx_hal_msp.c **** * @param huart: UART handle pointer
 249:Core/Src/stm32l4xx_hal_msp.c **** * @retval None
 250:Core/Src/stm32l4xx_hal_msp.c **** */
 251:Core/Src/stm32l4xx_hal_msp.c **** void HAL_UART_MspInit(UART_HandleTypeDef* huart)
 252:Core/Src/stm32l4xx_hal_msp.c **** {
 530              		.loc 1 252 1 is_stmt 1 view -0
 531              		.cfi_startproc
 532              		@ args = 0, pretend = 0, frame = 168
 533              		@ frame_needed = 0, uses_anonymous_args = 0
 534              		.loc 1 252 1 is_stmt 0 view .LVU147
 535 0000 10B5     		push	{r4, lr}
 536              		.cfi_def_cfa_offset 8
 537              		.cfi_offset 4, -8
 538              		.cfi_offset 14, -4
 539 0002 AAB0     		sub	sp, sp, #168
 540              		.cfi_def_cfa_offset 176
 541 0004 0446     		mov	r4, r0
 253:Core/Src/stm32l4xx_hal_msp.c ****   GPIO_InitTypeDef GPIO_InitStruct = {0};
 542              		.loc 1 253 3 is_stmt 1 view .LVU148
 543              		.loc 1 253 20 is_stmt 0 view .LVU149
 544 0006 0021     		movs	r1, #0
 545 0008 2591     		str	r1, [sp, #148]
 546 000a 2691     		str	r1, [sp, #152]
 547 000c 2791     		str	r1, [sp, #156]
 548 000e 2891     		str	r1, [sp, #160]
 549 0010 2991     		str	r1, [sp, #164]
 254:Core/Src/stm32l4xx_hal_msp.c ****   RCC_PeriphCLKInitTypeDef PeriphClkInit = {0};
 550              		.loc 1 254 3 is_stmt 1 view .LVU150
 551              		.loc 1 254 28 is_stmt 0 view .LVU151
 552 0012 8C22     		movs	r2, #140
 553 0014 02A8     		add	r0, sp, #8
 554              	.LVL25:
 555              		.loc 1 254 28 view .LVU152
 556 0016 FFF7FEFF 		bl	memset
 557              	.LVL26:
 255:Core/Src/stm32l4xx_hal_msp.c ****   if(huart->Instance==LPUART1)
 558              		.loc 1 255 3 is_stmt 1 view .LVU153
 559              		.loc 1 255 11 is_stmt 0 view .LVU154
 560 001a 2268     		ldr	r2, [r4]
 561              		.loc 1 255 5 view .LVU155
 562 001c 194B     		ldr	r3, .L45
 563 001e 9A42     		cmp	r2, r3
 564 0020 01D0     		beq	.L43
 565              	.L39:
 256:Core/Src/stm32l4xx_hal_msp.c ****   {
 257:Core/Src/stm32l4xx_hal_msp.c ****   /* USER CODE BEGIN LPUART1_MspInit 0 */
 258:Core/Src/stm32l4xx_hal_msp.c **** 
 259:Core/Src/stm32l4xx_hal_msp.c ****   /* USER CODE END LPUART1_MspInit 0 */
 260:Core/Src/stm32l4xx_hal_msp.c **** 
 261:Core/Src/stm32l4xx_hal_msp.c ****   /** Initializes the peripherals clock
 262:Core/Src/stm32l4xx_hal_msp.c ****   */
 263:Core/Src/stm32l4xx_hal_msp.c ****     PeriphClkInit.PeriphClockSelection = RCC_PERIPHCLK_LPUART1;
 264:Core/Src/stm32l4xx_hal_msp.c ****     PeriphClkInit.Lpuart1ClockSelection = RCC_LPUART1CLKSOURCE_PCLK1;
 265:Core/Src/stm32l4xx_hal_msp.c ****     if (HAL_RCCEx_PeriphCLKConfig(&PeriphClkInit) != HAL_OK)
 266:Core/Src/stm32l4xx_hal_msp.c ****     {
ARM GAS  C:\Users\ldu08\AppData\Local\Temp\cc4Xq2Yj.s 			page 17


 267:Core/Src/stm32l4xx_hal_msp.c ****       Error_Handler();
 268:Core/Src/stm32l4xx_hal_msp.c ****     }
 269:Core/Src/stm32l4xx_hal_msp.c **** 
 270:Core/Src/stm32l4xx_hal_msp.c ****     /* Peripheral clock enable */
 271:Core/Src/stm32l4xx_hal_msp.c ****     __HAL_RCC_LPUART1_CLK_ENABLE();
 272:Core/Src/stm32l4xx_hal_msp.c **** 
 273:Core/Src/stm32l4xx_hal_msp.c ****     __HAL_RCC_GPIOG_CLK_ENABLE();
 274:Core/Src/stm32l4xx_hal_msp.c ****     HAL_PWREx_EnableVddIO2();
 275:Core/Src/stm32l4xx_hal_msp.c ****     /**LPUART1 GPIO Configuration
 276:Core/Src/stm32l4xx_hal_msp.c ****     PG7     ------> LPUART1_TX
 277:Core/Src/stm32l4xx_hal_msp.c ****     PG8     ------> LPUART1_RX
 278:Core/Src/stm32l4xx_hal_msp.c ****     */
 279:Core/Src/stm32l4xx_hal_msp.c ****     GPIO_InitStruct.Pin = STLK_RX_Pin|STLK_TX_Pin;
 280:Core/Src/stm32l4xx_hal_msp.c ****     GPIO_InitStruct.Mode = GPIO_MODE_AF_PP;
 281:Core/Src/stm32l4xx_hal_msp.c ****     GPIO_InitStruct.Pull = GPIO_NOPULL;
 282:Core/Src/stm32l4xx_hal_msp.c ****     GPIO_InitStruct.Speed = GPIO_SPEED_FREQ_VERY_HIGH;
 283:Core/Src/stm32l4xx_hal_msp.c ****     GPIO_InitStruct.Alternate = GPIO_AF8_LPUART1;
 284:Core/Src/stm32l4xx_hal_msp.c ****     HAL_GPIO_Init(GPIOG, &GPIO_InitStruct);
 285:Core/Src/stm32l4xx_hal_msp.c **** 
 286:Core/Src/stm32l4xx_hal_msp.c ****   /* USER CODE BEGIN LPUART1_MspInit 1 */
 287:Core/Src/stm32l4xx_hal_msp.c **** 
 288:Core/Src/stm32l4xx_hal_msp.c ****   /* USER CODE END LPUART1_MspInit 1 */
 289:Core/Src/stm32l4xx_hal_msp.c ****   }
 290:Core/Src/stm32l4xx_hal_msp.c **** 
 291:Core/Src/stm32l4xx_hal_msp.c **** }
 566              		.loc 1 291 1 view .LVU156
 567 0022 2AB0     		add	sp, sp, #168
 568              		.cfi_remember_state
 569              		.cfi_def_cfa_offset 8
 570              		@ sp needed
 571 0024 10BD     		pop	{r4, pc}
 572              	.LVL27:
 573              	.L43:
 574              		.cfi_restore_state
 263:Core/Src/stm32l4xx_hal_msp.c ****     PeriphClkInit.Lpuart1ClockSelection = RCC_LPUART1CLKSOURCE_PCLK1;
 575              		.loc 1 263 5 is_stmt 1 view .LVU157
 263:Core/Src/stm32l4xx_hal_msp.c ****     PeriphClkInit.Lpuart1ClockSelection = RCC_LPUART1CLKSOURCE_PCLK1;
 576              		.loc 1 263 40 is_stmt 0 view .LVU158
 577 0026 2023     		movs	r3, #32
 578 0028 0293     		str	r3, [sp, #8]
 264:Core/Src/stm32l4xx_hal_msp.c ****     if (HAL_RCCEx_PeriphCLKConfig(&PeriphClkInit) != HAL_OK)
 579              		.loc 1 264 5 is_stmt 1 view .LVU159
 265:Core/Src/stm32l4xx_hal_msp.c ****     {
 580              		.loc 1 265 5 view .LVU160
 265:Core/Src/stm32l4xx_hal_msp.c ****     {
 581              		.loc 1 265 9 is_stmt 0 view .LVU161
 582 002a 02A8     		add	r0, sp, #8
 583 002c FFF7FEFF 		bl	HAL_RCCEx_PeriphCLKConfig
 584              	.LVL28:
 265:Core/Src/stm32l4xx_hal_msp.c ****     {
 585              		.loc 1 265 8 view .LVU162
 586 0030 20BB     		cbnz	r0, .L44
 587              	.L41:
 271:Core/Src/stm32l4xx_hal_msp.c **** 
 588              		.loc 1 271 5 is_stmt 1 view .LVU163
 589              	.LBB8:
 271:Core/Src/stm32l4xx_hal_msp.c **** 
ARM GAS  C:\Users\ldu08\AppData\Local\Temp\cc4Xq2Yj.s 			page 18


 590              		.loc 1 271 5 view .LVU164
 271:Core/Src/stm32l4xx_hal_msp.c **** 
 591              		.loc 1 271 5 view .LVU165
 592 0032 154B     		ldr	r3, .L45+4
 593 0034 DA6D     		ldr	r2, [r3, #92]
 594 0036 42F00102 		orr	r2, r2, #1
 595 003a DA65     		str	r2, [r3, #92]
 271:Core/Src/stm32l4xx_hal_msp.c **** 
 596              		.loc 1 271 5 view .LVU166
 597 003c DA6D     		ldr	r2, [r3, #92]
 598 003e 02F00102 		and	r2, r2, #1
 599 0042 0092     		str	r2, [sp]
 271:Core/Src/stm32l4xx_hal_msp.c **** 
 600              		.loc 1 271 5 view .LVU167
 601 0044 009A     		ldr	r2, [sp]
 602              	.LBE8:
 271:Core/Src/stm32l4xx_hal_msp.c **** 
 603              		.loc 1 271 5 view .LVU168
 273:Core/Src/stm32l4xx_hal_msp.c ****     HAL_PWREx_EnableVddIO2();
 604              		.loc 1 273 5 view .LVU169
 605              	.LBB9:
 273:Core/Src/stm32l4xx_hal_msp.c ****     HAL_PWREx_EnableVddIO2();
 606              		.loc 1 273 5 view .LVU170
 273:Core/Src/stm32l4xx_hal_msp.c ****     HAL_PWREx_EnableVddIO2();
 607              		.loc 1 273 5 view .LVU171
 608 0046 DA6C     		ldr	r2, [r3, #76]
 609 0048 42F04002 		orr	r2, r2, #64
 610 004c DA64     		str	r2, [r3, #76]
 273:Core/Src/stm32l4xx_hal_msp.c ****     HAL_PWREx_EnableVddIO2();
 611              		.loc 1 273 5 view .LVU172
 612 004e DB6C     		ldr	r3, [r3, #76]
 613 0050 03F04003 		and	r3, r3, #64
 614 0054 0193     		str	r3, [sp, #4]
 273:Core/Src/stm32l4xx_hal_msp.c ****     HAL_PWREx_EnableVddIO2();
 615              		.loc 1 273 5 view .LVU173
 616 0056 019B     		ldr	r3, [sp, #4]
 617              	.LBE9:
 273:Core/Src/stm32l4xx_hal_msp.c ****     HAL_PWREx_EnableVddIO2();
 618              		.loc 1 273 5 view .LVU174
 274:Core/Src/stm32l4xx_hal_msp.c ****     /**LPUART1 GPIO Configuration
 619              		.loc 1 274 5 view .LVU175
 620 0058 FFF7FEFF 		bl	HAL_PWREx_EnableVddIO2
 621              	.LVL29:
 279:Core/Src/stm32l4xx_hal_msp.c ****     GPIO_InitStruct.Mode = GPIO_MODE_AF_PP;
 622              		.loc 1 279 5 view .LVU176
 279:Core/Src/stm32l4xx_hal_msp.c ****     GPIO_InitStruct.Mode = GPIO_MODE_AF_PP;
 623              		.loc 1 279 25 is_stmt 0 view .LVU177
 624 005c 4FF4C073 		mov	r3, #384
 625 0060 2593     		str	r3, [sp, #148]
 280:Core/Src/stm32l4xx_hal_msp.c ****     GPIO_InitStruct.Pull = GPIO_NOPULL;
 626              		.loc 1 280 5 is_stmt 1 view .LVU178
 280:Core/Src/stm32l4xx_hal_msp.c ****     GPIO_InitStruct.Pull = GPIO_NOPULL;
 627              		.loc 1 280 26 is_stmt 0 view .LVU179
 628 0062 0223     		movs	r3, #2
 629 0064 2693     		str	r3, [sp, #152]
 281:Core/Src/stm32l4xx_hal_msp.c ****     GPIO_InitStruct.Speed = GPIO_SPEED_FREQ_VERY_HIGH;
 630              		.loc 1 281 5 is_stmt 1 view .LVU180
ARM GAS  C:\Users\ldu08\AppData\Local\Temp\cc4Xq2Yj.s 			page 19


 281:Core/Src/stm32l4xx_hal_msp.c ****     GPIO_InitStruct.Speed = GPIO_SPEED_FREQ_VERY_HIGH;
 631              		.loc 1 281 26 is_stmt 0 view .LVU181
 632 0066 0023     		movs	r3, #0
 633 0068 2793     		str	r3, [sp, #156]
 282:Core/Src/stm32l4xx_hal_msp.c ****     GPIO_InitStruct.Alternate = GPIO_AF8_LPUART1;
 634              		.loc 1 282 5 is_stmt 1 view .LVU182
 282:Core/Src/stm32l4xx_hal_msp.c ****     GPIO_InitStruct.Alternate = GPIO_AF8_LPUART1;
 635              		.loc 1 282 27 is_stmt 0 view .LVU183
 636 006a 0323     		movs	r3, #3
 637 006c 2893     		str	r3, [sp, #160]
 283:Core/Src/stm32l4xx_hal_msp.c ****     HAL_GPIO_Init(GPIOG, &GPIO_InitStruct);
 638              		.loc 1 283 5 is_stmt 1 view .LVU184
 283:Core/Src/stm32l4xx_hal_msp.c ****     HAL_GPIO_Init(GPIOG, &GPIO_InitStruct);
 639              		.loc 1 283 31 is_stmt 0 view .LVU185
 640 006e 0823     		movs	r3, #8
 641 0070 2993     		str	r3, [sp, #164]
 284:Core/Src/stm32l4xx_hal_msp.c **** 
 642              		.loc 1 284 5 is_stmt 1 view .LVU186
 643 0072 25A9     		add	r1, sp, #148
 644 0074 0548     		ldr	r0, .L45+8
 645 0076 FFF7FEFF 		bl	HAL_GPIO_Init
 646              	.LVL30:
 647              		.loc 1 291 1 is_stmt 0 view .LVU187
 648 007a D2E7     		b	.L39
 649              	.L44:
 267:Core/Src/stm32l4xx_hal_msp.c ****     }
 650              		.loc 1 267 7 is_stmt 1 view .LVU188
 651 007c FFF7FEFF 		bl	Error_Handler
 652              	.LVL31:
 653 0080 D7E7     		b	.L41
 654              	.L46:
 655 0082 00BF     		.align	2
 656              	.L45:
 657 0084 00800040 		.word	1073774592
 658 0088 00100240 		.word	1073876992
 659 008c 00180048 		.word	1207965696
 660              		.cfi_endproc
 661              	.LFE326:
 663              		.section	.text.HAL_UART_MspDeInit,"ax",%progbits
 664              		.align	1
 665              		.global	HAL_UART_MspDeInit
 666              		.syntax unified
 667              		.thumb
 668              		.thumb_func
 670              	HAL_UART_MspDeInit:
 671              	.LVL32:
 672              	.LFB327:
 292:Core/Src/stm32l4xx_hal_msp.c **** 
 293:Core/Src/stm32l4xx_hal_msp.c **** /**
 294:Core/Src/stm32l4xx_hal_msp.c **** * @brief UART MSP De-Initialization
 295:Core/Src/stm32l4xx_hal_msp.c **** * This function freeze the hardware resources used in this example
 296:Core/Src/stm32l4xx_hal_msp.c **** * @param huart: UART handle pointer
 297:Core/Src/stm32l4xx_hal_msp.c **** * @retval None
 298:Core/Src/stm32l4xx_hal_msp.c **** */
 299:Core/Src/stm32l4xx_hal_msp.c **** void HAL_UART_MspDeInit(UART_HandleTypeDef* huart)
 300:Core/Src/stm32l4xx_hal_msp.c **** {
 673              		.loc 1 300 1 view -0
ARM GAS  C:\Users\ldu08\AppData\Local\Temp\cc4Xq2Yj.s 			page 20


 674              		.cfi_startproc
 675              		@ args = 0, pretend = 0, frame = 0
 676              		@ frame_needed = 0, uses_anonymous_args = 0
 677              		.loc 1 300 1 is_stmt 0 view .LVU190
 678 0000 08B5     		push	{r3, lr}
 679              		.cfi_def_cfa_offset 8
 680              		.cfi_offset 3, -8
 681              		.cfi_offset 14, -4
 301:Core/Src/stm32l4xx_hal_msp.c ****   if(huart->Instance==LPUART1)
 682              		.loc 1 301 3 is_stmt 1 view .LVU191
 683              		.loc 1 301 11 is_stmt 0 view .LVU192
 684 0002 0268     		ldr	r2, [r0]
 685              		.loc 1 301 5 view .LVU193
 686 0004 074B     		ldr	r3, .L51
 687 0006 9A42     		cmp	r2, r3
 688 0008 00D0     		beq	.L50
 689              	.LVL33:
 690              	.L47:
 302:Core/Src/stm32l4xx_hal_msp.c ****   {
 303:Core/Src/stm32l4xx_hal_msp.c ****   /* USER CODE BEGIN LPUART1_MspDeInit 0 */
 304:Core/Src/stm32l4xx_hal_msp.c **** 
 305:Core/Src/stm32l4xx_hal_msp.c ****   /* USER CODE END LPUART1_MspDeInit 0 */
 306:Core/Src/stm32l4xx_hal_msp.c ****     /* Peripheral clock disable */
 307:Core/Src/stm32l4xx_hal_msp.c ****     __HAL_RCC_LPUART1_CLK_DISABLE();
 308:Core/Src/stm32l4xx_hal_msp.c **** 
 309:Core/Src/stm32l4xx_hal_msp.c ****     /**LPUART1 GPIO Configuration
 310:Core/Src/stm32l4xx_hal_msp.c ****     PG7     ------> LPUART1_TX
 311:Core/Src/stm32l4xx_hal_msp.c ****     PG8     ------> LPUART1_RX
 312:Core/Src/stm32l4xx_hal_msp.c ****     */
 313:Core/Src/stm32l4xx_hal_msp.c ****     HAL_GPIO_DeInit(GPIOG, STLK_RX_Pin|STLK_TX_Pin);
 314:Core/Src/stm32l4xx_hal_msp.c **** 
 315:Core/Src/stm32l4xx_hal_msp.c ****   /* USER CODE BEGIN LPUART1_MspDeInit 1 */
 316:Core/Src/stm32l4xx_hal_msp.c **** 
 317:Core/Src/stm32l4xx_hal_msp.c ****   /* USER CODE END LPUART1_MspDeInit 1 */
 318:Core/Src/stm32l4xx_hal_msp.c ****   }
 319:Core/Src/stm32l4xx_hal_msp.c **** 
 320:Core/Src/stm32l4xx_hal_msp.c **** }
 691              		.loc 1 320 1 view .LVU194
 692 000a 08BD     		pop	{r3, pc}
 693              	.LVL34:
 694              	.L50:
 307:Core/Src/stm32l4xx_hal_msp.c **** 
 695              		.loc 1 307 5 is_stmt 1 view .LVU195
 696 000c 064A     		ldr	r2, .L51+4
 697 000e D36D     		ldr	r3, [r2, #92]
 698 0010 23F00103 		bic	r3, r3, #1
 699 0014 D365     		str	r3, [r2, #92]
 313:Core/Src/stm32l4xx_hal_msp.c **** 
 700              		.loc 1 313 5 view .LVU196
 701 0016 4FF4C071 		mov	r1, #384
 702 001a 0448     		ldr	r0, .L51+8
 703              	.LVL35:
 313:Core/Src/stm32l4xx_hal_msp.c **** 
 704              		.loc 1 313 5 is_stmt 0 view .LVU197
 705 001c FFF7FEFF 		bl	HAL_GPIO_DeInit
 706              	.LVL36:
 707              		.loc 1 320 1 view .LVU198
ARM GAS  C:\Users\ldu08\AppData\Local\Temp\cc4Xq2Yj.s 			page 21


 708 0020 F3E7     		b	.L47
 709              	.L52:
 710 0022 00BF     		.align	2
 711              	.L51:
 712 0024 00800040 		.word	1073774592
 713 0028 00100240 		.word	1073876992
 714 002c 00180048 		.word	1207965696
 715              		.cfi_endproc
 716              	.LFE327:
 718              		.section	.text.HAL_TIM_Base_MspInit,"ax",%progbits
 719              		.align	1
 720              		.global	HAL_TIM_Base_MspInit
 721              		.syntax unified
 722              		.thumb
 723              		.thumb_func
 725              	HAL_TIM_Base_MspInit:
 726              	.LVL37:
 727              	.LFB328:
 321:Core/Src/stm32l4xx_hal_msp.c **** 
 322:Core/Src/stm32l4xx_hal_msp.c **** /**
 323:Core/Src/stm32l4xx_hal_msp.c **** * @brief TIM_Base MSP Initialization
 324:Core/Src/stm32l4xx_hal_msp.c **** * This function configures the hardware resources used in this example
 325:Core/Src/stm32l4xx_hal_msp.c **** * @param htim_base: TIM_Base handle pointer
 326:Core/Src/stm32l4xx_hal_msp.c **** * @retval None
 327:Core/Src/stm32l4xx_hal_msp.c **** */
 328:Core/Src/stm32l4xx_hal_msp.c **** void HAL_TIM_Base_MspInit(TIM_HandleTypeDef* htim_base)
 329:Core/Src/stm32l4xx_hal_msp.c **** {
 728              		.loc 1 329 1 is_stmt 1 view -0
 729              		.cfi_startproc
 730              		@ args = 0, pretend = 0, frame = 8
 731              		@ frame_needed = 0, uses_anonymous_args = 0
 732              		.loc 1 329 1 is_stmt 0 view .LVU200
 733 0000 00B5     		push	{lr}
 734              		.cfi_def_cfa_offset 4
 735              		.cfi_offset 14, -4
 736 0002 83B0     		sub	sp, sp, #12
 737              		.cfi_def_cfa_offset 16
 330:Core/Src/stm32l4xx_hal_msp.c ****   if(htim_base->Instance==TIM6)
 738              		.loc 1 330 3 is_stmt 1 view .LVU201
 739              		.loc 1 330 15 is_stmt 0 view .LVU202
 740 0004 0368     		ldr	r3, [r0]
 741              		.loc 1 330 5 view .LVU203
 742 0006 134A     		ldr	r2, .L59
 743 0008 9342     		cmp	r3, r2
 744 000a 05D0     		beq	.L57
 331:Core/Src/stm32l4xx_hal_msp.c ****   {
 332:Core/Src/stm32l4xx_hal_msp.c ****   /* USER CODE BEGIN TIM6_MspInit 0 */
 333:Core/Src/stm32l4xx_hal_msp.c **** 
 334:Core/Src/stm32l4xx_hal_msp.c ****   /* USER CODE END TIM6_MspInit 0 */
 335:Core/Src/stm32l4xx_hal_msp.c ****     /* Peripheral clock enable */
 336:Core/Src/stm32l4xx_hal_msp.c ****     __HAL_RCC_TIM6_CLK_ENABLE();
 337:Core/Src/stm32l4xx_hal_msp.c ****   /* USER CODE BEGIN TIM6_MspInit 1 */
 338:Core/Src/stm32l4xx_hal_msp.c **** 
 339:Core/Src/stm32l4xx_hal_msp.c ****   /* USER CODE END TIM6_MspInit 1 */
 340:Core/Src/stm32l4xx_hal_msp.c ****   }
 341:Core/Src/stm32l4xx_hal_msp.c ****   else if(htim_base->Instance==TIM7)
 745              		.loc 1 341 8 is_stmt 1 view .LVU204
ARM GAS  C:\Users\ldu08\AppData\Local\Temp\cc4Xq2Yj.s 			page 22


 746              		.loc 1 341 10 is_stmt 0 view .LVU205
 747 000c 124A     		ldr	r2, .L59+4
 748 000e 9342     		cmp	r3, r2
 749 0010 0DD0     		beq	.L58
 750              	.LVL38:
 751              	.L53:
 342:Core/Src/stm32l4xx_hal_msp.c ****   {
 343:Core/Src/stm32l4xx_hal_msp.c ****   /* USER CODE BEGIN TIM7_MspInit 0 */
 344:Core/Src/stm32l4xx_hal_msp.c **** 
 345:Core/Src/stm32l4xx_hal_msp.c ****   /* USER CODE END TIM7_MspInit 0 */
 346:Core/Src/stm32l4xx_hal_msp.c ****     /* Peripheral clock enable */
 347:Core/Src/stm32l4xx_hal_msp.c ****     __HAL_RCC_TIM7_CLK_ENABLE();
 348:Core/Src/stm32l4xx_hal_msp.c ****     /* TIM7 interrupt Init */
 349:Core/Src/stm32l4xx_hal_msp.c ****     HAL_NVIC_SetPriority(TIM7_IRQn, 0, 0);
 350:Core/Src/stm32l4xx_hal_msp.c ****     HAL_NVIC_EnableIRQ(TIM7_IRQn);
 351:Core/Src/stm32l4xx_hal_msp.c ****   /* USER CODE BEGIN TIM7_MspInit 1 */
 352:Core/Src/stm32l4xx_hal_msp.c **** 
 353:Core/Src/stm32l4xx_hal_msp.c ****   /* USER CODE END TIM7_MspInit 1 */
 354:Core/Src/stm32l4xx_hal_msp.c ****   }
 355:Core/Src/stm32l4xx_hal_msp.c **** 
 356:Core/Src/stm32l4xx_hal_msp.c **** }
 752              		.loc 1 356 1 view .LVU206
 753 0012 03B0     		add	sp, sp, #12
 754              		.cfi_remember_state
 755              		.cfi_def_cfa_offset 4
 756              		@ sp needed
 757 0014 5DF804FB 		ldr	pc, [sp], #4
 758              	.LVL39:
 759              	.L57:
 760              		.cfi_restore_state
 336:Core/Src/stm32l4xx_hal_msp.c ****   /* USER CODE BEGIN TIM6_MspInit 1 */
 761              		.loc 1 336 5 is_stmt 1 view .LVU207
 762              	.LBB10:
 336:Core/Src/stm32l4xx_hal_msp.c ****   /* USER CODE BEGIN TIM6_MspInit 1 */
 763              		.loc 1 336 5 view .LVU208
 336:Core/Src/stm32l4xx_hal_msp.c ****   /* USER CODE BEGIN TIM6_MspInit 1 */
 764              		.loc 1 336 5 view .LVU209
 765 0018 104B     		ldr	r3, .L59+8
 766 001a 9A6D     		ldr	r2, [r3, #88]
 767 001c 42F01002 		orr	r2, r2, #16
 768 0020 9A65     		str	r2, [r3, #88]
 336:Core/Src/stm32l4xx_hal_msp.c ****   /* USER CODE BEGIN TIM6_MspInit 1 */
 769              		.loc 1 336 5 view .LVU210
 770 0022 9B6D     		ldr	r3, [r3, #88]
 771 0024 03F01003 		and	r3, r3, #16
 772 0028 0093     		str	r3, [sp]
 336:Core/Src/stm32l4xx_hal_msp.c ****   /* USER CODE BEGIN TIM6_MspInit 1 */
 773              		.loc 1 336 5 view .LVU211
 774 002a 009B     		ldr	r3, [sp]
 775              	.LBE10:
 336:Core/Src/stm32l4xx_hal_msp.c ****   /* USER CODE BEGIN TIM6_MspInit 1 */
 776              		.loc 1 336 5 view .LVU212
 777 002c F1E7     		b	.L53
 778              	.L58:
 347:Core/Src/stm32l4xx_hal_msp.c ****     /* TIM7 interrupt Init */
 779              		.loc 1 347 5 view .LVU213
 780              	.LBB11:
ARM GAS  C:\Users\ldu08\AppData\Local\Temp\cc4Xq2Yj.s 			page 23


 347:Core/Src/stm32l4xx_hal_msp.c ****     /* TIM7 interrupt Init */
 781              		.loc 1 347 5 view .LVU214
 347:Core/Src/stm32l4xx_hal_msp.c ****     /* TIM7 interrupt Init */
 782              		.loc 1 347 5 view .LVU215
 783 002e 0B4B     		ldr	r3, .L59+8
 784 0030 9A6D     		ldr	r2, [r3, #88]
 785 0032 42F02002 		orr	r2, r2, #32
 786 0036 9A65     		str	r2, [r3, #88]
 347:Core/Src/stm32l4xx_hal_msp.c ****     /* TIM7 interrupt Init */
 787              		.loc 1 347 5 view .LVU216
 788 0038 9B6D     		ldr	r3, [r3, #88]
 789 003a 03F02003 		and	r3, r3, #32
 790 003e 0193     		str	r3, [sp, #4]
 347:Core/Src/stm32l4xx_hal_msp.c ****     /* TIM7 interrupt Init */
 791              		.loc 1 347 5 view .LVU217
 792 0040 019B     		ldr	r3, [sp, #4]
 793              	.LBE11:
 347:Core/Src/stm32l4xx_hal_msp.c ****     /* TIM7 interrupt Init */
 794              		.loc 1 347 5 view .LVU218
 349:Core/Src/stm32l4xx_hal_msp.c ****     HAL_NVIC_EnableIRQ(TIM7_IRQn);
 795              		.loc 1 349 5 view .LVU219
 796 0042 0022     		movs	r2, #0
 797 0044 1146     		mov	r1, r2
 798 0046 3720     		movs	r0, #55
 799              	.LVL40:
 349:Core/Src/stm32l4xx_hal_msp.c ****     HAL_NVIC_EnableIRQ(TIM7_IRQn);
 800              		.loc 1 349 5 is_stmt 0 view .LVU220
 801 0048 FFF7FEFF 		bl	HAL_NVIC_SetPriority
 802              	.LVL41:
 350:Core/Src/stm32l4xx_hal_msp.c ****   /* USER CODE BEGIN TIM7_MspInit 1 */
 803              		.loc 1 350 5 is_stmt 1 view .LVU221
 804 004c 3720     		movs	r0, #55
 805 004e FFF7FEFF 		bl	HAL_NVIC_EnableIRQ
 806              	.LVL42:
 807              		.loc 1 356 1 is_stmt 0 view .LVU222
 808 0052 DEE7     		b	.L53
 809              	.L60:
 810              		.align	2
 811              	.L59:
 812 0054 00100040 		.word	1073745920
 813 0058 00140040 		.word	1073746944
 814 005c 00100240 		.word	1073876992
 815              		.cfi_endproc
 816              	.LFE328:
 818              		.section	.text.HAL_TIM_Base_MspDeInit,"ax",%progbits
 819              		.align	1
 820              		.global	HAL_TIM_Base_MspDeInit
 821              		.syntax unified
 822              		.thumb
 823              		.thumb_func
 825              	HAL_TIM_Base_MspDeInit:
 826              	.LVL43:
 827              	.LFB329:
 357:Core/Src/stm32l4xx_hal_msp.c **** 
 358:Core/Src/stm32l4xx_hal_msp.c **** /**
 359:Core/Src/stm32l4xx_hal_msp.c **** * @brief TIM_Base MSP De-Initialization
 360:Core/Src/stm32l4xx_hal_msp.c **** * This function freeze the hardware resources used in this example
ARM GAS  C:\Users\ldu08\AppData\Local\Temp\cc4Xq2Yj.s 			page 24


 361:Core/Src/stm32l4xx_hal_msp.c **** * @param htim_base: TIM_Base handle pointer
 362:Core/Src/stm32l4xx_hal_msp.c **** * @retval None
 363:Core/Src/stm32l4xx_hal_msp.c **** */
 364:Core/Src/stm32l4xx_hal_msp.c **** void HAL_TIM_Base_MspDeInit(TIM_HandleTypeDef* htim_base)
 365:Core/Src/stm32l4xx_hal_msp.c **** {
 828              		.loc 1 365 1 is_stmt 1 view -0
 829              		.cfi_startproc
 830              		@ args = 0, pretend = 0, frame = 0
 831              		@ frame_needed = 0, uses_anonymous_args = 0
 832              		.loc 1 365 1 is_stmt 0 view .LVU224
 833 0000 08B5     		push	{r3, lr}
 834              		.cfi_def_cfa_offset 8
 835              		.cfi_offset 3, -8
 836              		.cfi_offset 14, -4
 366:Core/Src/stm32l4xx_hal_msp.c ****   if(htim_base->Instance==TIM6)
 837              		.loc 1 366 3 is_stmt 1 view .LVU225
 838              		.loc 1 366 15 is_stmt 0 view .LVU226
 839 0002 0368     		ldr	r3, [r0]
 840              		.loc 1 366 5 view .LVU227
 841 0004 0B4A     		ldr	r2, .L67
 842 0006 9342     		cmp	r3, r2
 843 0008 03D0     		beq	.L65
 367:Core/Src/stm32l4xx_hal_msp.c ****   {
 368:Core/Src/stm32l4xx_hal_msp.c ****   /* USER CODE BEGIN TIM6_MspDeInit 0 */
 369:Core/Src/stm32l4xx_hal_msp.c **** 
 370:Core/Src/stm32l4xx_hal_msp.c ****   /* USER CODE END TIM6_MspDeInit 0 */
 371:Core/Src/stm32l4xx_hal_msp.c ****     /* Peripheral clock disable */
 372:Core/Src/stm32l4xx_hal_msp.c ****     __HAL_RCC_TIM6_CLK_DISABLE();
 373:Core/Src/stm32l4xx_hal_msp.c ****   /* USER CODE BEGIN TIM6_MspDeInit 1 */
 374:Core/Src/stm32l4xx_hal_msp.c **** 
 375:Core/Src/stm32l4xx_hal_msp.c ****   /* USER CODE END TIM6_MspDeInit 1 */
 376:Core/Src/stm32l4xx_hal_msp.c ****   }
 377:Core/Src/stm32l4xx_hal_msp.c ****   else if(htim_base->Instance==TIM7)
 844              		.loc 1 377 8 is_stmt 1 view .LVU228
 845              		.loc 1 377 10 is_stmt 0 view .LVU229
 846 000a 0B4A     		ldr	r2, .L67+4
 847 000c 9342     		cmp	r3, r2
 848 000e 07D0     		beq	.L66
 849              	.LVL44:
 850              	.L61:
 378:Core/Src/stm32l4xx_hal_msp.c ****   {
 379:Core/Src/stm32l4xx_hal_msp.c ****   /* USER CODE BEGIN TIM7_MspDeInit 0 */
 380:Core/Src/stm32l4xx_hal_msp.c **** 
 381:Core/Src/stm32l4xx_hal_msp.c ****   /* USER CODE END TIM7_MspDeInit 0 */
 382:Core/Src/stm32l4xx_hal_msp.c ****     /* Peripheral clock disable */
 383:Core/Src/stm32l4xx_hal_msp.c ****     __HAL_RCC_TIM7_CLK_DISABLE();
 384:Core/Src/stm32l4xx_hal_msp.c **** 
 385:Core/Src/stm32l4xx_hal_msp.c ****     /* TIM7 interrupt DeInit */
 386:Core/Src/stm32l4xx_hal_msp.c ****     HAL_NVIC_DisableIRQ(TIM7_IRQn);
 387:Core/Src/stm32l4xx_hal_msp.c ****   /* USER CODE BEGIN TIM7_MspDeInit 1 */
 388:Core/Src/stm32l4xx_hal_msp.c **** 
 389:Core/Src/stm32l4xx_hal_msp.c ****   /* USER CODE END TIM7_MspDeInit 1 */
 390:Core/Src/stm32l4xx_hal_msp.c ****   }
 391:Core/Src/stm32l4xx_hal_msp.c **** 
 392:Core/Src/stm32l4xx_hal_msp.c **** }
 851              		.loc 1 392 1 view .LVU230
 852 0010 08BD     		pop	{r3, pc}
ARM GAS  C:\Users\ldu08\AppData\Local\Temp\cc4Xq2Yj.s 			page 25


 853              	.LVL45:
 854              	.L65:
 372:Core/Src/stm32l4xx_hal_msp.c ****   /* USER CODE BEGIN TIM6_MspDeInit 1 */
 855              		.loc 1 372 5 is_stmt 1 view .LVU231
 856 0012 02F50032 		add	r2, r2, #131072
 857 0016 936D     		ldr	r3, [r2, #88]
 858 0018 23F01003 		bic	r3, r3, #16
 859 001c 9365     		str	r3, [r2, #88]
 860 001e F7E7     		b	.L61
 861              	.L66:
 383:Core/Src/stm32l4xx_hal_msp.c **** 
 862              		.loc 1 383 5 view .LVU232
 863 0020 02F5FE32 		add	r2, r2, #130048
 864 0024 936D     		ldr	r3, [r2, #88]
 865 0026 23F02003 		bic	r3, r3, #32
 866 002a 9365     		str	r3, [r2, #88]
 386:Core/Src/stm32l4xx_hal_msp.c ****   /* USER CODE BEGIN TIM7_MspDeInit 1 */
 867              		.loc 1 386 5 view .LVU233
 868 002c 3720     		movs	r0, #55
 869              	.LVL46:
 386:Core/Src/stm32l4xx_hal_msp.c ****   /* USER CODE BEGIN TIM7_MspDeInit 1 */
 870              		.loc 1 386 5 is_stmt 0 view .LVU234
 871 002e FFF7FEFF 		bl	HAL_NVIC_DisableIRQ
 872              	.LVL47:
 873              		.loc 1 392 1 view .LVU235
 874 0032 EDE7     		b	.L61
 875              	.L68:
 876              		.align	2
 877              	.L67:
 878 0034 00100040 		.word	1073745920
 879 0038 00140040 		.word	1073746944
 880              		.cfi_endproc
 881              	.LFE329:
 883              		.section	.text.HAL_PCD_MspInit,"ax",%progbits
 884              		.align	1
 885              		.global	HAL_PCD_MspInit
 886              		.syntax unified
 887              		.thumb
 888              		.thumb_func
 890              	HAL_PCD_MspInit:
 891              	.LVL48:
 892              	.LFB330:
 393:Core/Src/stm32l4xx_hal_msp.c **** 
 394:Core/Src/stm32l4xx_hal_msp.c **** /**
 395:Core/Src/stm32l4xx_hal_msp.c **** * @brief PCD MSP Initialization
 396:Core/Src/stm32l4xx_hal_msp.c **** * This function configures the hardware resources used in this example
 397:Core/Src/stm32l4xx_hal_msp.c **** * @param hpcd: PCD handle pointer
 398:Core/Src/stm32l4xx_hal_msp.c **** * @retval None
 399:Core/Src/stm32l4xx_hal_msp.c **** */
 400:Core/Src/stm32l4xx_hal_msp.c **** void HAL_PCD_MspInit(PCD_HandleTypeDef* hpcd)
 401:Core/Src/stm32l4xx_hal_msp.c **** {
 893              		.loc 1 401 1 is_stmt 1 view -0
 894              		.cfi_startproc
 895              		@ args = 0, pretend = 0, frame = 32
 896              		@ frame_needed = 0, uses_anonymous_args = 0
 897              		.loc 1 401 1 is_stmt 0 view .LVU237
 898 0000 10B5     		push	{r4, lr}
ARM GAS  C:\Users\ldu08\AppData\Local\Temp\cc4Xq2Yj.s 			page 26


 899              		.cfi_def_cfa_offset 8
 900              		.cfi_offset 4, -8
 901              		.cfi_offset 14, -4
 902 0002 88B0     		sub	sp, sp, #32
 903              		.cfi_def_cfa_offset 40
 402:Core/Src/stm32l4xx_hal_msp.c ****   GPIO_InitTypeDef GPIO_InitStruct = {0};
 904              		.loc 1 402 3 is_stmt 1 view .LVU238
 905              		.loc 1 402 20 is_stmt 0 view .LVU239
 906 0004 0023     		movs	r3, #0
 907 0006 0393     		str	r3, [sp, #12]
 908 0008 0493     		str	r3, [sp, #16]
 909 000a 0593     		str	r3, [sp, #20]
 910 000c 0693     		str	r3, [sp, #24]
 911 000e 0793     		str	r3, [sp, #28]
 403:Core/Src/stm32l4xx_hal_msp.c ****   if(hpcd->Instance==USB_OTG_FS)
 912              		.loc 1 403 3 is_stmt 1 view .LVU240
 913              		.loc 1 403 10 is_stmt 0 view .LVU241
 914 0010 0368     		ldr	r3, [r0]
 915              		.loc 1 403 5 view .LVU242
 916 0012 B3F1A04F 		cmp	r3, #1342177280
 917 0016 01D0     		beq	.L73
 918              	.LVL49:
 919              	.L69:
 404:Core/Src/stm32l4xx_hal_msp.c ****   {
 405:Core/Src/stm32l4xx_hal_msp.c ****   /* USER CODE BEGIN USB_OTG_FS_MspInit 0 */
 406:Core/Src/stm32l4xx_hal_msp.c **** 
 407:Core/Src/stm32l4xx_hal_msp.c ****   /* USER CODE END USB_OTG_FS_MspInit 0 */
 408:Core/Src/stm32l4xx_hal_msp.c **** 
 409:Core/Src/stm32l4xx_hal_msp.c ****     __HAL_RCC_GPIOA_CLK_ENABLE();
 410:Core/Src/stm32l4xx_hal_msp.c ****     /**USB_OTG_FS GPIO Configuration
 411:Core/Src/stm32l4xx_hal_msp.c ****     PA8     ------> USB_OTG_FS_SOF
 412:Core/Src/stm32l4xx_hal_msp.c ****     PA9     ------> USB_OTG_FS_VBUS
 413:Core/Src/stm32l4xx_hal_msp.c ****     PA10     ------> USB_OTG_FS_ID
 414:Core/Src/stm32l4xx_hal_msp.c ****     PA11     ------> USB_OTG_FS_DM
 415:Core/Src/stm32l4xx_hal_msp.c ****     PA12     ------> USB_OTG_FS_DP
 416:Core/Src/stm32l4xx_hal_msp.c ****     */
 417:Core/Src/stm32l4xx_hal_msp.c ****     GPIO_InitStruct.Pin = USB_SOF_Pin|USB_ID_Pin|USB_DM_Pin|USB_DP_Pin;
 418:Core/Src/stm32l4xx_hal_msp.c ****     GPIO_InitStruct.Mode = GPIO_MODE_AF_PP;
 419:Core/Src/stm32l4xx_hal_msp.c ****     GPIO_InitStruct.Pull = GPIO_NOPULL;
 420:Core/Src/stm32l4xx_hal_msp.c ****     GPIO_InitStruct.Speed = GPIO_SPEED_FREQ_VERY_HIGH;
 421:Core/Src/stm32l4xx_hal_msp.c ****     GPIO_InitStruct.Alternate = GPIO_AF10_OTG_FS;
 422:Core/Src/stm32l4xx_hal_msp.c ****     HAL_GPIO_Init(GPIOA, &GPIO_InitStruct);
 423:Core/Src/stm32l4xx_hal_msp.c **** 
 424:Core/Src/stm32l4xx_hal_msp.c ****     GPIO_InitStruct.Pin = USB_VBUS_Pin;
 425:Core/Src/stm32l4xx_hal_msp.c ****     GPIO_InitStruct.Mode = GPIO_MODE_INPUT;
 426:Core/Src/stm32l4xx_hal_msp.c ****     GPIO_InitStruct.Pull = GPIO_NOPULL;
 427:Core/Src/stm32l4xx_hal_msp.c ****     HAL_GPIO_Init(USB_VBUS_GPIO_Port, &GPIO_InitStruct);
 428:Core/Src/stm32l4xx_hal_msp.c **** 
 429:Core/Src/stm32l4xx_hal_msp.c ****     /* Peripheral clock enable */
 430:Core/Src/stm32l4xx_hal_msp.c ****     __HAL_RCC_USB_OTG_FS_CLK_ENABLE();
 431:Core/Src/stm32l4xx_hal_msp.c **** 
 432:Core/Src/stm32l4xx_hal_msp.c ****     /* Enable VDDUSB */
 433:Core/Src/stm32l4xx_hal_msp.c ****     if(__HAL_RCC_PWR_IS_CLK_DISABLED())
 434:Core/Src/stm32l4xx_hal_msp.c ****     {
 435:Core/Src/stm32l4xx_hal_msp.c ****       __HAL_RCC_PWR_CLK_ENABLE();
 436:Core/Src/stm32l4xx_hal_msp.c ****       HAL_PWREx_EnableVddUSB();
 437:Core/Src/stm32l4xx_hal_msp.c ****       __HAL_RCC_PWR_CLK_DISABLE();
ARM GAS  C:\Users\ldu08\AppData\Local\Temp\cc4Xq2Yj.s 			page 27


 438:Core/Src/stm32l4xx_hal_msp.c ****     }
 439:Core/Src/stm32l4xx_hal_msp.c ****     else
 440:Core/Src/stm32l4xx_hal_msp.c ****     {
 441:Core/Src/stm32l4xx_hal_msp.c ****       HAL_PWREx_EnableVddUSB();
 442:Core/Src/stm32l4xx_hal_msp.c ****     }
 443:Core/Src/stm32l4xx_hal_msp.c ****   /* USER CODE BEGIN USB_OTG_FS_MspInit 1 */
 444:Core/Src/stm32l4xx_hal_msp.c **** 
 445:Core/Src/stm32l4xx_hal_msp.c ****   /* USER CODE END USB_OTG_FS_MspInit 1 */
 446:Core/Src/stm32l4xx_hal_msp.c ****   }
 447:Core/Src/stm32l4xx_hal_msp.c **** 
 448:Core/Src/stm32l4xx_hal_msp.c **** }
 920              		.loc 1 448 1 view .LVU243
 921 0018 08B0     		add	sp, sp, #32
 922              		.cfi_remember_state
 923              		.cfi_def_cfa_offset 8
 924              		@ sp needed
 925 001a 10BD     		pop	{r4, pc}
 926              	.LVL50:
 927              	.L73:
 928              		.cfi_restore_state
 409:Core/Src/stm32l4xx_hal_msp.c ****     /**USB_OTG_FS GPIO Configuration
 929              		.loc 1 409 5 is_stmt 1 view .LVU244
 930              	.LBB12:
 409:Core/Src/stm32l4xx_hal_msp.c ****     /**USB_OTG_FS GPIO Configuration
 931              		.loc 1 409 5 view .LVU245
 409:Core/Src/stm32l4xx_hal_msp.c ****     /**USB_OTG_FS GPIO Configuration
 932              		.loc 1 409 5 view .LVU246
 933 001c 214C     		ldr	r4, .L74
 934 001e E36C     		ldr	r3, [r4, #76]
 935 0020 43F00103 		orr	r3, r3, #1
 936 0024 E364     		str	r3, [r4, #76]
 409:Core/Src/stm32l4xx_hal_msp.c ****     /**USB_OTG_FS GPIO Configuration
 937              		.loc 1 409 5 view .LVU247
 938 0026 E36C     		ldr	r3, [r4, #76]
 939 0028 03F00103 		and	r3, r3, #1
 940 002c 0093     		str	r3, [sp]
 409:Core/Src/stm32l4xx_hal_msp.c ****     /**USB_OTG_FS GPIO Configuration
 941              		.loc 1 409 5 view .LVU248
 942 002e 009B     		ldr	r3, [sp]
 943              	.LBE12:
 409:Core/Src/stm32l4xx_hal_msp.c ****     /**USB_OTG_FS GPIO Configuration
 944              		.loc 1 409 5 view .LVU249
 417:Core/Src/stm32l4xx_hal_msp.c ****     GPIO_InitStruct.Mode = GPIO_MODE_AF_PP;
 945              		.loc 1 417 5 view .LVU250
 417:Core/Src/stm32l4xx_hal_msp.c ****     GPIO_InitStruct.Mode = GPIO_MODE_AF_PP;
 946              		.loc 1 417 25 is_stmt 0 view .LVU251
 947 0030 4FF4E853 		mov	r3, #7424
 948 0034 0393     		str	r3, [sp, #12]
 418:Core/Src/stm32l4xx_hal_msp.c ****     GPIO_InitStruct.Pull = GPIO_NOPULL;
 949              		.loc 1 418 5 is_stmt 1 view .LVU252
 418:Core/Src/stm32l4xx_hal_msp.c ****     GPIO_InitStruct.Pull = GPIO_NOPULL;
 950              		.loc 1 418 26 is_stmt 0 view .LVU253
 951 0036 0223     		movs	r3, #2
 952 0038 0493     		str	r3, [sp, #16]
 419:Core/Src/stm32l4xx_hal_msp.c ****     GPIO_InitStruct.Speed = GPIO_SPEED_FREQ_VERY_HIGH;
 953              		.loc 1 419 5 is_stmt 1 view .LVU254
 420:Core/Src/stm32l4xx_hal_msp.c ****     GPIO_InitStruct.Alternate = GPIO_AF10_OTG_FS;
ARM GAS  C:\Users\ldu08\AppData\Local\Temp\cc4Xq2Yj.s 			page 28


 954              		.loc 1 420 5 view .LVU255
 420:Core/Src/stm32l4xx_hal_msp.c ****     GPIO_InitStruct.Alternate = GPIO_AF10_OTG_FS;
 955              		.loc 1 420 27 is_stmt 0 view .LVU256
 956 003a 0323     		movs	r3, #3
 957 003c 0693     		str	r3, [sp, #24]
 421:Core/Src/stm32l4xx_hal_msp.c ****     HAL_GPIO_Init(GPIOA, &GPIO_InitStruct);
 958              		.loc 1 421 5 is_stmt 1 view .LVU257
 421:Core/Src/stm32l4xx_hal_msp.c ****     HAL_GPIO_Init(GPIOA, &GPIO_InitStruct);
 959              		.loc 1 421 31 is_stmt 0 view .LVU258
 960 003e 0A23     		movs	r3, #10
 961 0040 0793     		str	r3, [sp, #28]
 422:Core/Src/stm32l4xx_hal_msp.c **** 
 962              		.loc 1 422 5 is_stmt 1 view .LVU259
 963 0042 03A9     		add	r1, sp, #12
 964 0044 4FF09040 		mov	r0, #1207959552
 965              	.LVL51:
 422:Core/Src/stm32l4xx_hal_msp.c **** 
 966              		.loc 1 422 5 is_stmt 0 view .LVU260
 967 0048 FFF7FEFF 		bl	HAL_GPIO_Init
 968              	.LVL52:
 424:Core/Src/stm32l4xx_hal_msp.c ****     GPIO_InitStruct.Mode = GPIO_MODE_INPUT;
 969              		.loc 1 424 5 is_stmt 1 view .LVU261
 424:Core/Src/stm32l4xx_hal_msp.c ****     GPIO_InitStruct.Mode = GPIO_MODE_INPUT;
 970              		.loc 1 424 25 is_stmt 0 view .LVU262
 971 004c 4FF40073 		mov	r3, #512
 972 0050 0393     		str	r3, [sp, #12]
 425:Core/Src/stm32l4xx_hal_msp.c ****     GPIO_InitStruct.Pull = GPIO_NOPULL;
 973              		.loc 1 425 5 is_stmt 1 view .LVU263
 425:Core/Src/stm32l4xx_hal_msp.c ****     GPIO_InitStruct.Pull = GPIO_NOPULL;
 974              		.loc 1 425 26 is_stmt 0 view .LVU264
 975 0052 0023     		movs	r3, #0
 976 0054 0493     		str	r3, [sp, #16]
 426:Core/Src/stm32l4xx_hal_msp.c ****     HAL_GPIO_Init(USB_VBUS_GPIO_Port, &GPIO_InitStruct);
 977              		.loc 1 426 5 is_stmt 1 view .LVU265
 426:Core/Src/stm32l4xx_hal_msp.c ****     HAL_GPIO_Init(USB_VBUS_GPIO_Port, &GPIO_InitStruct);
 978              		.loc 1 426 26 is_stmt 0 view .LVU266
 979 0056 0593     		str	r3, [sp, #20]
 427:Core/Src/stm32l4xx_hal_msp.c **** 
 980              		.loc 1 427 5 is_stmt 1 view .LVU267
 981 0058 03A9     		add	r1, sp, #12
 982 005a 4FF09040 		mov	r0, #1207959552
 983 005e FFF7FEFF 		bl	HAL_GPIO_Init
 984              	.LVL53:
 430:Core/Src/stm32l4xx_hal_msp.c **** 
 985              		.loc 1 430 5 view .LVU268
 986              	.LBB13:
 430:Core/Src/stm32l4xx_hal_msp.c **** 
 987              		.loc 1 430 5 view .LVU269
 430:Core/Src/stm32l4xx_hal_msp.c **** 
 988              		.loc 1 430 5 view .LVU270
 989 0062 E36C     		ldr	r3, [r4, #76]
 990 0064 43F48053 		orr	r3, r3, #4096
 991 0068 E364     		str	r3, [r4, #76]
 430:Core/Src/stm32l4xx_hal_msp.c **** 
 992              		.loc 1 430 5 view .LVU271
 993 006a E36C     		ldr	r3, [r4, #76]
 994 006c 03F48053 		and	r3, r3, #4096
ARM GAS  C:\Users\ldu08\AppData\Local\Temp\cc4Xq2Yj.s 			page 29


 995 0070 0193     		str	r3, [sp, #4]
 430:Core/Src/stm32l4xx_hal_msp.c **** 
 996              		.loc 1 430 5 view .LVU272
 997 0072 019B     		ldr	r3, [sp, #4]
 998              	.LBE13:
 430:Core/Src/stm32l4xx_hal_msp.c **** 
 999              		.loc 1 430 5 view .LVU273
 433:Core/Src/stm32l4xx_hal_msp.c ****     {
 1000              		.loc 1 433 5 view .LVU274
 433:Core/Src/stm32l4xx_hal_msp.c ****     {
 1001              		.loc 1 433 8 is_stmt 0 view .LVU275
 1002 0074 A36D     		ldr	r3, [r4, #88]
 433:Core/Src/stm32l4xx_hal_msp.c ****     {
 1003              		.loc 1 433 7 view .LVU276
 1004 0076 13F0805F 		tst	r3, #268435456
 1005 007a 0FD1     		bne	.L71
 435:Core/Src/stm32l4xx_hal_msp.c ****       HAL_PWREx_EnableVddUSB();
 1006              		.loc 1 435 7 is_stmt 1 view .LVU277
 1007              	.LBB14:
 435:Core/Src/stm32l4xx_hal_msp.c ****       HAL_PWREx_EnableVddUSB();
 1008              		.loc 1 435 7 view .LVU278
 435:Core/Src/stm32l4xx_hal_msp.c ****       HAL_PWREx_EnableVddUSB();
 1009              		.loc 1 435 7 view .LVU279
 1010 007c A36D     		ldr	r3, [r4, #88]
 1011 007e 43F08053 		orr	r3, r3, #268435456
 1012 0082 A365     		str	r3, [r4, #88]
 435:Core/Src/stm32l4xx_hal_msp.c ****       HAL_PWREx_EnableVddUSB();
 1013              		.loc 1 435 7 view .LVU280
 1014 0084 A36D     		ldr	r3, [r4, #88]
 1015 0086 03F08053 		and	r3, r3, #268435456
 1016 008a 0293     		str	r3, [sp, #8]
 435:Core/Src/stm32l4xx_hal_msp.c ****       HAL_PWREx_EnableVddUSB();
 1017              		.loc 1 435 7 view .LVU281
 1018 008c 029B     		ldr	r3, [sp, #8]
 1019              	.LBE14:
 435:Core/Src/stm32l4xx_hal_msp.c ****       HAL_PWREx_EnableVddUSB();
 1020              		.loc 1 435 7 view .LVU282
 436:Core/Src/stm32l4xx_hal_msp.c ****       __HAL_RCC_PWR_CLK_DISABLE();
 1021              		.loc 1 436 7 view .LVU283
 1022 008e FFF7FEFF 		bl	HAL_PWREx_EnableVddUSB
 1023              	.LVL54:
 437:Core/Src/stm32l4xx_hal_msp.c ****     }
 1024              		.loc 1 437 7 view .LVU284
 1025 0092 A36D     		ldr	r3, [r4, #88]
 1026 0094 23F08053 		bic	r3, r3, #268435456
 1027 0098 A365     		str	r3, [r4, #88]
 1028 009a BDE7     		b	.L69
 1029              	.L71:
 441:Core/Src/stm32l4xx_hal_msp.c ****     }
 1030              		.loc 1 441 7 view .LVU285
 1031 009c FFF7FEFF 		bl	HAL_PWREx_EnableVddUSB
 1032              	.LVL55:
 1033              		.loc 1 448 1 is_stmt 0 view .LVU286
 1034 00a0 BAE7     		b	.L69
 1035              	.L75:
 1036 00a2 00BF     		.align	2
 1037              	.L74:
ARM GAS  C:\Users\ldu08\AppData\Local\Temp\cc4Xq2Yj.s 			page 30


 1038 00a4 00100240 		.word	1073876992
 1039              		.cfi_endproc
 1040              	.LFE330:
 1042              		.section	.text.HAL_PCD_MspDeInit,"ax",%progbits
 1043              		.align	1
 1044              		.global	HAL_PCD_MspDeInit
 1045              		.syntax unified
 1046              		.thumb
 1047              		.thumb_func
 1049              	HAL_PCD_MspDeInit:
 1050              	.LVL56:
 1051              	.LFB331:
 449:Core/Src/stm32l4xx_hal_msp.c **** 
 450:Core/Src/stm32l4xx_hal_msp.c **** /**
 451:Core/Src/stm32l4xx_hal_msp.c **** * @brief PCD MSP De-Initialization
 452:Core/Src/stm32l4xx_hal_msp.c **** * This function freeze the hardware resources used in this example
 453:Core/Src/stm32l4xx_hal_msp.c **** * @param hpcd: PCD handle pointer
 454:Core/Src/stm32l4xx_hal_msp.c **** * @retval None
 455:Core/Src/stm32l4xx_hal_msp.c **** */
 456:Core/Src/stm32l4xx_hal_msp.c **** void HAL_PCD_MspDeInit(PCD_HandleTypeDef* hpcd)
 457:Core/Src/stm32l4xx_hal_msp.c **** {
 1052              		.loc 1 457 1 is_stmt 1 view -0
 1053              		.cfi_startproc
 1054              		@ args = 0, pretend = 0, frame = 8
 1055              		@ frame_needed = 0, uses_anonymous_args = 0
 458:Core/Src/stm32l4xx_hal_msp.c ****   if(hpcd->Instance==USB_OTG_FS)
 1056              		.loc 1 458 3 view .LVU288
 1057              		.loc 1 458 10 is_stmt 0 view .LVU289
 1058 0000 0368     		ldr	r3, [r0]
 1059              		.loc 1 458 5 view .LVU290
 1060 0002 B3F1A04F 		cmp	r3, #1342177280
 1061 0006 00D0     		beq	.L83
 1062 0008 7047     		bx	lr
 1063              	.L83:
 457:Core/Src/stm32l4xx_hal_msp.c ****   if(hpcd->Instance==USB_OTG_FS)
 1064              		.loc 1 457 1 view .LVU291
 1065 000a 10B5     		push	{r4, lr}
 1066              		.cfi_def_cfa_offset 8
 1067              		.cfi_offset 4, -8
 1068              		.cfi_offset 14, -4
 1069 000c 82B0     		sub	sp, sp, #8
 1070              		.cfi_def_cfa_offset 16
 459:Core/Src/stm32l4xx_hal_msp.c ****   {
 460:Core/Src/stm32l4xx_hal_msp.c ****   /* USER CODE BEGIN USB_OTG_FS_MspDeInit 0 */
 461:Core/Src/stm32l4xx_hal_msp.c **** 
 462:Core/Src/stm32l4xx_hal_msp.c ****   /* USER CODE END USB_OTG_FS_MspDeInit 0 */
 463:Core/Src/stm32l4xx_hal_msp.c ****     /* Peripheral clock disable */
 464:Core/Src/stm32l4xx_hal_msp.c ****     __HAL_RCC_USB_OTG_FS_CLK_DISABLE();
 1071              		.loc 1 464 5 is_stmt 1 view .LVU292
 1072 000e 114C     		ldr	r4, .L84
 1073 0010 E36C     		ldr	r3, [r4, #76]
 1074 0012 23F48053 		bic	r3, r3, #4096
 1075 0016 E364     		str	r3, [r4, #76]
 1076              		.loc 1 464 39 view .LVU293
 465:Core/Src/stm32l4xx_hal_msp.c **** 
 466:Core/Src/stm32l4xx_hal_msp.c ****     /**USB_OTG_FS GPIO Configuration
 467:Core/Src/stm32l4xx_hal_msp.c ****     PA8     ------> USB_OTG_FS_SOF
ARM GAS  C:\Users\ldu08\AppData\Local\Temp\cc4Xq2Yj.s 			page 31


 468:Core/Src/stm32l4xx_hal_msp.c ****     PA9     ------> USB_OTG_FS_VBUS
 469:Core/Src/stm32l4xx_hal_msp.c ****     PA10     ------> USB_OTG_FS_ID
 470:Core/Src/stm32l4xx_hal_msp.c ****     PA11     ------> USB_OTG_FS_DM
 471:Core/Src/stm32l4xx_hal_msp.c ****     PA12     ------> USB_OTG_FS_DP
 472:Core/Src/stm32l4xx_hal_msp.c ****     */
 473:Core/Src/stm32l4xx_hal_msp.c ****     HAL_GPIO_DeInit(GPIOA, USB_SOF_Pin|USB_VBUS_Pin|USB_ID_Pin|USB_DM_Pin
 1077              		.loc 1 473 5 view .LVU294
 1078 0018 4FF4F851 		mov	r1, #7936
 1079 001c 4FF09040 		mov	r0, #1207959552
 1080              	.LVL57:
 1081              		.loc 1 473 5 is_stmt 0 view .LVU295
 1082 0020 FFF7FEFF 		bl	HAL_GPIO_DeInit
 1083              	.LVL58:
 474:Core/Src/stm32l4xx_hal_msp.c ****                           |USB_DP_Pin);
 475:Core/Src/stm32l4xx_hal_msp.c **** 
 476:Core/Src/stm32l4xx_hal_msp.c ****     /* Disable VDDUSB */
 477:Core/Src/stm32l4xx_hal_msp.c ****     if(__HAL_RCC_PWR_IS_CLK_DISABLED())
 1084              		.loc 1 477 5 is_stmt 1 view .LVU296
 1085              		.loc 1 477 8 is_stmt 0 view .LVU297
 1086 0024 A36D     		ldr	r3, [r4, #88]
 1087              		.loc 1 477 7 view .LVU298
 1088 0026 13F0805F 		tst	r3, #268435456
 1089 002a 10D1     		bne	.L78
 478:Core/Src/stm32l4xx_hal_msp.c ****     {
 479:Core/Src/stm32l4xx_hal_msp.c ****       __HAL_RCC_PWR_CLK_ENABLE();
 1090              		.loc 1 479 7 is_stmt 1 view .LVU299
 1091              	.LBB15:
 1092              		.loc 1 479 7 view .LVU300
 1093              		.loc 1 479 7 view .LVU301
 1094 002c A36D     		ldr	r3, [r4, #88]
 1095 002e 43F08053 		orr	r3, r3, #268435456
 1096 0032 A365     		str	r3, [r4, #88]
 1097              		.loc 1 479 7 view .LVU302
 1098 0034 A36D     		ldr	r3, [r4, #88]
 1099 0036 03F08053 		and	r3, r3, #268435456
 1100 003a 0193     		str	r3, [sp, #4]
 1101              		.loc 1 479 7 view .LVU303
 1102 003c 019B     		ldr	r3, [sp, #4]
 1103              	.LBE15:
 1104              		.loc 1 479 7 view .LVU304
 480:Core/Src/stm32l4xx_hal_msp.c ****       HAL_PWREx_DisableVddUSB();
 1105              		.loc 1 480 7 view .LVU305
 1106 003e FFF7FEFF 		bl	HAL_PWREx_DisableVddUSB
 1107              	.LVL59:
 481:Core/Src/stm32l4xx_hal_msp.c ****       __HAL_RCC_PWR_CLK_DISABLE();
 1108              		.loc 1 481 7 view .LVU306
 1109 0042 A36D     		ldr	r3, [r4, #88]
 1110 0044 23F08053 		bic	r3, r3, #268435456
 1111 0048 A365     		str	r3, [r4, #88]
 1112              	.L76:
 482:Core/Src/stm32l4xx_hal_msp.c ****     }
 483:Core/Src/stm32l4xx_hal_msp.c ****     else
 484:Core/Src/stm32l4xx_hal_msp.c ****     {
 485:Core/Src/stm32l4xx_hal_msp.c ****       HAL_PWREx_DisableVddUSB();
 486:Core/Src/stm32l4xx_hal_msp.c ****     }
 487:Core/Src/stm32l4xx_hal_msp.c ****   /* USER CODE BEGIN USB_OTG_FS_MspDeInit 1 */
 488:Core/Src/stm32l4xx_hal_msp.c **** 
ARM GAS  C:\Users\ldu08\AppData\Local\Temp\cc4Xq2Yj.s 			page 32


 489:Core/Src/stm32l4xx_hal_msp.c ****   /* USER CODE END USB_OTG_FS_MspDeInit 1 */
 490:Core/Src/stm32l4xx_hal_msp.c ****   }
 491:Core/Src/stm32l4xx_hal_msp.c **** 
 492:Core/Src/stm32l4xx_hal_msp.c **** }
 1113              		.loc 1 492 1 is_stmt 0 view .LVU307
 1114 004a 02B0     		add	sp, sp, #8
 1115              		.cfi_remember_state
 1116              		.cfi_def_cfa_offset 8
 1117              		@ sp needed
 1118 004c 10BD     		pop	{r4, pc}
 1119              	.L78:
 1120              		.cfi_restore_state
 485:Core/Src/stm32l4xx_hal_msp.c ****     }
 1121              		.loc 1 485 7 is_stmt 1 view .LVU308
 1122 004e FFF7FEFF 		bl	HAL_PWREx_DisableVddUSB
 1123              	.LVL60:
 1124              		.loc 1 492 1 is_stmt 0 view .LVU309
 1125 0052 FAE7     		b	.L76
 1126              	.L85:
 1127              		.align	2
 1128              	.L84:
 1129 0054 00100240 		.word	1073876992
 1130              		.cfi_endproc
 1131              	.LFE331:
 1133              		.text
 1134              	.Letext0:
 1135              		.file 2 "Drivers/CMSIS/Device/ST/STM32L4xx/Include/stm32l496xx.h"
 1136              		.file 3 "c:\\users\\ldu08\\appdata\\roaming\\code\\user\\globalstorage\\bmd.stm32-for-vscode\\@xpa
 1137              		.file 4 "c:\\users\\ldu08\\appdata\\roaming\\code\\user\\globalstorage\\bmd.stm32-for-vscode\\@xpa
 1138              		.file 5 "Drivers/CMSIS/Device/ST/STM32L4xx/Include/stm32l4xx.h"
 1139              		.file 6 "Drivers/STM32L4xx_HAL_Driver/Inc/stm32l4xx_hal_def.h"
 1140              		.file 7 "Drivers/STM32L4xx_HAL_Driver/Inc/stm32l4xx_hal_rcc_ex.h"
 1141              		.file 8 "Drivers/STM32L4xx_HAL_Driver/Inc/stm32l4xx_hal_gpio.h"
 1142              		.file 9 "Drivers/STM32L4xx_HAL_Driver/Inc/stm32l4xx_hal_dma.h"
 1143              		.file 10 "Drivers/STM32L4xx_HAL_Driver/Inc/stm32l4xx_hal_adc.h"
 1144              		.file 11 "Drivers/STM32L4xx_HAL_Driver/Inc/stm32l4xx_hal_dac.h"
 1145              		.file 12 "Drivers/STM32L4xx_HAL_Driver/Inc/stm32l4xx_ll_usb.h"
 1146              		.file 13 "Drivers/STM32L4xx_HAL_Driver/Inc/stm32l4xx_hal_pcd.h"
 1147              		.file 14 "Drivers/STM32L4xx_HAL_Driver/Inc/stm32l4xx_hal_tim.h"
 1148              		.file 15 "Drivers/STM32L4xx_HAL_Driver/Inc/stm32l4xx_hal_uart.h"
 1149              		.file 16 "Drivers/STM32L4xx_HAL_Driver/Inc/stm32l4xx_hal_pwr_ex.h"
 1150              		.file 17 "Drivers/STM32L4xx_HAL_Driver/Inc/stm32l4xx_hal_cortex.h"
 1151              		.file 18 "Core/Inc/main.h"
 1152              		.file 19 "<built-in>"
ARM GAS  C:\Users\ldu08\AppData\Local\Temp\cc4Xq2Yj.s 			page 33


DEFINED SYMBOLS
                            *ABS*:0000000000000000 stm32l4xx_hal_msp.c
C:\Users\ldu08\AppData\Local\Temp\cc4Xq2Yj.s:20     .text.HAL_MspInit:0000000000000000 $t
C:\Users\ldu08\AppData\Local\Temp\cc4Xq2Yj.s:26     .text.HAL_MspInit:0000000000000000 HAL_MspInit
C:\Users\ldu08\AppData\Local\Temp\cc4Xq2Yj.s:75     .text.HAL_MspInit:000000000000002c $d
C:\Users\ldu08\AppData\Local\Temp\cc4Xq2Yj.s:80     .text.HAL_ADC_MspInit:0000000000000000 $t
C:\Users\ldu08\AppData\Local\Temp\cc4Xq2Yj.s:86     .text.HAL_ADC_MspInit:0000000000000000 HAL_ADC_MspInit
C:\Users\ldu08\AppData\Local\Temp\cc4Xq2Yj.s:235    .text.HAL_ADC_MspInit:0000000000000098 $d
C:\Users\ldu08\AppData\Local\Temp\cc4Xq2Yj.s:243    .text.HAL_ADC_MspDeInit:0000000000000000 $t
C:\Users\ldu08\AppData\Local\Temp\cc4Xq2Yj.s:249    .text.HAL_ADC_MspDeInit:0000000000000000 HAL_ADC_MspDeInit
C:\Users\ldu08\AppData\Local\Temp\cc4Xq2Yj.s:294    .text.HAL_ADC_MspDeInit:0000000000000028 $d
C:\Users\ldu08\AppData\Local\Temp\cc4Xq2Yj.s:301    .text.HAL_DAC_MspInit:0000000000000000 $t
C:\Users\ldu08\AppData\Local\Temp\cc4Xq2Yj.s:307    .text.HAL_DAC_MspInit:0000000000000000 HAL_DAC_MspInit
C:\Users\ldu08\AppData\Local\Temp\cc4Xq2Yj.s:457    .text.HAL_DAC_MspInit:0000000000000098 $d
C:\Users\ldu08\AppData\Local\Temp\cc4Xq2Yj.s:464    .text.HAL_DAC_MspDeInit:0000000000000000 $t
C:\Users\ldu08\AppData\Local\Temp\cc4Xq2Yj.s:470    .text.HAL_DAC_MspDeInit:0000000000000000 HAL_DAC_MspDeInit
C:\Users\ldu08\AppData\Local\Temp\cc4Xq2Yj.s:515    .text.HAL_DAC_MspDeInit:000000000000002c $d
C:\Users\ldu08\AppData\Local\Temp\cc4Xq2Yj.s:521    .text.HAL_UART_MspInit:0000000000000000 $t
C:\Users\ldu08\AppData\Local\Temp\cc4Xq2Yj.s:527    .text.HAL_UART_MspInit:0000000000000000 HAL_UART_MspInit
C:\Users\ldu08\AppData\Local\Temp\cc4Xq2Yj.s:657    .text.HAL_UART_MspInit:0000000000000084 $d
C:\Users\ldu08\AppData\Local\Temp\cc4Xq2Yj.s:664    .text.HAL_UART_MspDeInit:0000000000000000 $t
C:\Users\ldu08\AppData\Local\Temp\cc4Xq2Yj.s:670    .text.HAL_UART_MspDeInit:0000000000000000 HAL_UART_MspDeInit
C:\Users\ldu08\AppData\Local\Temp\cc4Xq2Yj.s:712    .text.HAL_UART_MspDeInit:0000000000000024 $d
C:\Users\ldu08\AppData\Local\Temp\cc4Xq2Yj.s:719    .text.HAL_TIM_Base_MspInit:0000000000000000 $t
C:\Users\ldu08\AppData\Local\Temp\cc4Xq2Yj.s:725    .text.HAL_TIM_Base_MspInit:0000000000000000 HAL_TIM_Base_MspInit
C:\Users\ldu08\AppData\Local\Temp\cc4Xq2Yj.s:812    .text.HAL_TIM_Base_MspInit:0000000000000054 $d
C:\Users\ldu08\AppData\Local\Temp\cc4Xq2Yj.s:819    .text.HAL_TIM_Base_MspDeInit:0000000000000000 $t
C:\Users\ldu08\AppData\Local\Temp\cc4Xq2Yj.s:825    .text.HAL_TIM_Base_MspDeInit:0000000000000000 HAL_TIM_Base_MspDeInit
C:\Users\ldu08\AppData\Local\Temp\cc4Xq2Yj.s:878    .text.HAL_TIM_Base_MspDeInit:0000000000000034 $d
C:\Users\ldu08\AppData\Local\Temp\cc4Xq2Yj.s:884    .text.HAL_PCD_MspInit:0000000000000000 $t
C:\Users\ldu08\AppData\Local\Temp\cc4Xq2Yj.s:890    .text.HAL_PCD_MspInit:0000000000000000 HAL_PCD_MspInit
C:\Users\ldu08\AppData\Local\Temp\cc4Xq2Yj.s:1038   .text.HAL_PCD_MspInit:00000000000000a4 $d
C:\Users\ldu08\AppData\Local\Temp\cc4Xq2Yj.s:1043   .text.HAL_PCD_MspDeInit:0000000000000000 $t
C:\Users\ldu08\AppData\Local\Temp\cc4Xq2Yj.s:1049   .text.HAL_PCD_MspDeInit:0000000000000000 HAL_PCD_MspDeInit
C:\Users\ldu08\AppData\Local\Temp\cc4Xq2Yj.s:1129   .text.HAL_PCD_MspDeInit:0000000000000054 $d

UNDEFINED SYMBOLS
HAL_GPIO_Init
HAL_DMA_Init
Error_Handler
hdma_adc1
HAL_GPIO_DeInit
HAL_DMA_DeInit
hdma_dac_ch1
memset
HAL_RCCEx_PeriphCLKConfig
HAL_PWREx_EnableVddIO2
HAL_NVIC_SetPriority
HAL_NVIC_EnableIRQ
HAL_NVIC_DisableIRQ
HAL_PWREx_EnableVddUSB
HAL_PWREx_DisableVddUSB
